2023-01-29 20:04:23,388 ERROR [JavaFX Application Thread] c.e.p.Run [BazaPodataka.java:115] Došlo je do pogreške u radu s bazom podataka
org.h2.jdbc.JdbcSQLSyntaxErrorException: Column "NAZIV" not found; SQL statement:
INSERT INTO PROIZVOD(naziv, cijena, kolicina, opis,slika) VALUES (?, ?, ?, ?,?) [42122-214]
	at org.h2.message.DbException.getJdbcSQLException(DbException.java:502)
	at org.h2.engine.SessionRemote.readException(SessionRemote.java:637)
	at org.h2.engine.SessionRemote.done(SessionRemote.java:606)
	at org.h2.command.CommandRemote.prepare(CommandRemote.java:78)
	at org.h2.command.CommandRemote.<init>(CommandRemote.java:50)
	at org.h2.engine.SessionRemote.prepareCommand(SessionRemote.java:480)
	at org.h2.jdbc.JdbcConnection.prepareCommand(JdbcConnection.java:1116)
	at org.h2.jdbc.JdbcPreparedStatement.<init>(JdbcPreparedStatement.java:92)
	at org.h2.jdbc.JdbcConnection.prepareStatement(JdbcConnection.java:288)
	at com.example.petshopprojekt/BazaPodataka.BazaPodataka.spremiNoviProizvod(BazaPodataka.java:105)
	at com.example.petshopprojekt/com.example.petshopprojekt.ZaposlenikProizvodiController.unesiProizvod(ZaposlenikProizvodiController.java:79)
	at java.base/jdk.internal.reflect.DirectMethodHandleAccessor.invoke(DirectMethodHandleAccessor.java:104)
	at java.base/java.lang.reflect.Method.invoke(Method.java:578)
	at com.sun.javafx.reflect.Trampoline.invoke(MethodUtil.java:77)
	at java.base/jdk.internal.reflect.DirectMethodHandleAccessor.invoke(DirectMethodHandleAccessor.java:104)
	at java.base/java.lang.reflect.Method.invoke(Method.java:578)
	at javafx.base@19-ea/com.sun.javafx.reflect.MethodUtil.invoke(MethodUtil.java:275)
	at javafx.fxml@19-ea/com.sun.javafx.fxml.MethodHelper.invoke(MethodHelper.java:84)
	at javafx.fxml@19-ea/javafx.fxml.FXMLLoader$MethodHandler.invoke(FXMLLoader.java:1854)
	at javafx.fxml@19-ea/javafx.fxml.FXMLLoader$ControllerMethodEventHandler.handle(FXMLLoader.java:1724)
	at javafx.base@19-ea/com.sun.javafx.event.CompositeEventHandler.dispatchBubblingEvent(CompositeEventHandler.java:86)
	at javafx.base@19-ea/com.sun.javafx.event.EventHandlerManager.dispatchBubblingEvent(EventHandlerManager.java:234)
	at javafx.base@19-ea/com.sun.javafx.event.EventHandlerManager.dispatchBubblingEvent(EventHandlerManager.java:191)
	at javafx.base@19-ea/com.sun.javafx.event.CompositeEventDispatcher.dispatchBubblingEvent(CompositeEventDispatcher.java:59)
	at javafx.base@19-ea/com.sun.javafx.event.BasicEventDispatcher.dispatchEvent(BasicEventDispatcher.java:58)
	at javafx.base@19-ea/com.sun.javafx.event.EventDispatchChainImpl.dispatchEvent(EventDispatchChainImpl.java:114)
	at javafx.base@19-ea/com.sun.javafx.event.BasicEventDispatcher.dispatchEvent(BasicEventDispatcher.java:56)
	at javafx.base@19-ea/com.sun.javafx.event.EventDispatchChainImpl.dispatchEvent(EventDispatchChainImpl.java:114)
	at javafx.base@19-ea/com.sun.javafx.event.BasicEventDispatcher.dispatchEvent(BasicEventDispatcher.java:56)
	at javafx.base@19-ea/com.sun.javafx.event.EventDispatchChainImpl.dispatchEvent(EventDispatchChainImpl.java:114)
	at javafx.base@19-ea/com.sun.javafx.event.EventUtil.fireEventImpl(EventUtil.java:74)
	at javafx.base@19-ea/com.sun.javafx.event.EventUtil.fireEvent(EventUtil.java:49)
	at javafx.base@19-ea/javafx.event.Event.fireEvent(Event.java:198)
	at javafx.graphics@19-ea/javafx.scene.Node.fireEvent(Node.java:8797)
	at javafx.controls@19-ea/javafx.scene.control.Button.fire(Button.java:203)
	at javafx.controls@19-ea/com.sun.javafx.scene.control.behavior.ButtonBehavior.mouseReleased(ButtonBehavior.java:208)
	at javafx.controls@19-ea/com.sun.javafx.scene.control.inputmap.InputMap.handle(InputMap.java:274)
	at javafx.base@19-ea/com.sun.javafx.event.CompositeEventHandler$NormalEventHandlerRecord.handleBubblingEvent(CompositeEventHandler.java:247)
	at javafx.base@19-ea/com.sun.javafx.event.CompositeEventHandler.dispatchBubblingEvent(CompositeEventHandler.java:80)
	at javafx.base@19-ea/com.sun.javafx.event.EventHandlerManager.dispatchBubblingEvent(EventHandlerManager.java:234)
	at javafx.base@19-ea/com.sun.javafx.event.EventHandlerManager.dispatchBubblingEvent(EventHandlerManager.java:191)
	at javafx.base@19-ea/com.sun.javafx.event.CompositeEventDispatcher.dispatchBubblingEvent(CompositeEventDispatcher.java:59)
	at javafx.base@19-ea/com.sun.javafx.event.BasicEventDispatcher.dispatchEvent(BasicEventDispatcher.java:58)
	at javafx.base@19-ea/com.sun.javafx.event.EventDispatchChainImpl.dispatchEvent(EventDispatchChainImpl.java:114)
	at javafx.base@19-ea/com.sun.javafx.event.BasicEventDispatcher.dispatchEvent(BasicEventDispatcher.java:56)
	at javafx.base@19-ea/com.sun.javafx.event.EventDispatchChainImpl.dispatchEvent(EventDispatchChainImpl.java:114)
	at javafx.base@19-ea/com.sun.javafx.event.BasicEventDispatcher.dispatchEvent(BasicEventDispatcher.java:56)
	at javafx.base@19-ea/com.sun.javafx.event.EventDispatchChainImpl.dispatchEvent(EventDispatchChainImpl.java:114)
	at javafx.base@19-ea/com.sun.javafx.event.EventUtil.fireEventImpl(EventUtil.java:74)
	at javafx.base@19-ea/com.sun.javafx.event.EventUtil.fireEvent(EventUtil.java:54)
	at javafx.base@19-ea/javafx.event.Event.fireEvent(Event.java:198)
	at javafx.graphics@19-ea/javafx.scene.Scene$MouseHandler.process(Scene.java:3881)
	at javafx.graphics@19-ea/javafx.scene.Scene.processMouseEvent(Scene.java:1874)
	at javafx.graphics@19-ea/javafx.scene.Scene$ScenePeerListener.mouseEvent(Scene.java:2607)
	at javafx.graphics@19-ea/com.sun.javafx.tk.quantum.GlassViewEventHandler$MouseEventNotification.run(GlassViewEventHandler.java:411)
	at javafx.graphics@19-ea/com.sun.javafx.tk.quantum.GlassViewEventHandler$MouseEventNotification.run(GlassViewEventHandler.java:301)
	at java.base/java.security.AccessController.doPrivileged(AccessController.java:399)
	at javafx.graphics@19-ea/com.sun.javafx.tk.quantum.GlassViewEventHandler.lambda$handleMouseEvent$2(GlassViewEventHandler.java:450)
	at javafx.graphics@19-ea/com.sun.javafx.tk.quantum.QuantumToolkit.runWithoutRenderLock(QuantumToolkit.java:424)
	at javafx.graphics@19-ea/com.sun.javafx.tk.quantum.GlassViewEventHandler.handleMouseEvent(GlassViewEventHandler.java:449)
	at javafx.graphics@19-ea/com.sun.glass.ui.View.handleMouseEvent(View.java:551)
	at javafx.graphics@19-ea/com.sun.glass.ui.View.notifyMouse(View.java:937)
	at javafx.graphics@19-ea/com.sun.glass.ui.win.WinApplication._runLoop(Native Method)
	at javafx.graphics@19-ea/com.sun.glass.ui.win.WinApplication.lambda$runLoop$3(WinApplication.java:184)
	at java.base/java.lang.Thread.run(Thread.java:1589)
2023-01-29 20:37:56,223 ERROR [JavaFX Application Thread] c.e.p.Run [BazaPodataka.java:129] Došlo je do pogreške u radu s bazom podataka
java.nio.file.FileAlreadyExistsException: src\main\resources\Slike\hrana za pse.jpg0
	at java.base/sun.nio.fs.WindowsFileCopy.copy(WindowsFileCopy.java:124)
	at java.base/sun.nio.fs.WindowsFileSystemProvider.copy(WindowsFileSystemProvider.java:284)
	at java.base/java.nio.file.Files.copy(Files.java:1304)
	at com.example.petshopprojekt/BazaPodataka.BazaPodataka.spremiNoviProizvod(BazaPodataka.java:126)
	at com.example.petshopprojekt/com.example.petshopprojekt.ZaposlenikProizvodiController.unesiProizvod(ZaposlenikProizvodiController.java:82)
	at java.base/jdk.internal.reflect.DirectMethodHandleAccessor.invoke(DirectMethodHandleAccessor.java:104)
	at java.base/java.lang.reflect.Method.invoke(Method.java:578)
	at com.sun.javafx.reflect.Trampoline.invoke(MethodUtil.java:77)
	at java.base/jdk.internal.reflect.DirectMethodHandleAccessor.invoke(DirectMethodHandleAccessor.java:104)
	at java.base/java.lang.reflect.Method.invoke(Method.java:578)
	at javafx.base@19-ea/com.sun.javafx.reflect.MethodUtil.invoke(MethodUtil.java:275)
	at javafx.fxml@19-ea/com.sun.javafx.fxml.MethodHelper.invoke(MethodHelper.java:84)
	at javafx.fxml@19-ea/javafx.fxml.FXMLLoader$MethodHandler.invoke(FXMLLoader.java:1854)
	at javafx.fxml@19-ea/javafx.fxml.FXMLLoader$ControllerMethodEventHandler.handle(FXMLLoader.java:1724)
	at javafx.base@19-ea/com.sun.javafx.event.CompositeEventHandler.dispatchBubblingEvent(CompositeEventHandler.java:86)
	at javafx.base@19-ea/com.sun.javafx.event.EventHandlerManager.dispatchBubblingEvent(EventHandlerManager.java:234)
	at javafx.base@19-ea/com.sun.javafx.event.EventHandlerManager.dispatchBubblingEvent(EventHandlerManager.java:191)
	at javafx.base@19-ea/com.sun.javafx.event.CompositeEventDispatcher.dispatchBubblingEvent(CompositeEventDispatcher.java:59)
	at javafx.base@19-ea/com.sun.javafx.event.BasicEventDispatcher.dispatchEvent(BasicEventDispatcher.java:58)
	at javafx.base@19-ea/com.sun.javafx.event.EventDispatchChainImpl.dispatchEvent(EventDispatchChainImpl.java:114)
	at javafx.base@19-ea/com.sun.javafx.event.BasicEventDispatcher.dispatchEvent(BasicEventDispatcher.java:56)
	at javafx.base@19-ea/com.sun.javafx.event.EventDispatchChainImpl.dispatchEvent(EventDispatchChainImpl.java:114)
	at javafx.base@19-ea/com.sun.javafx.event.BasicEventDispatcher.dispatchEvent(BasicEventDispatcher.java:56)
	at javafx.base@19-ea/com.sun.javafx.event.EventDispatchChainImpl.dispatchEvent(EventDispatchChainImpl.java:114)
	at javafx.base@19-ea/com.sun.javafx.event.EventUtil.fireEventImpl(EventUtil.java:74)
	at javafx.base@19-ea/com.sun.javafx.event.EventUtil.fireEvent(EventUtil.java:49)
	at javafx.base@19-ea/javafx.event.Event.fireEvent(Event.java:198)
	at javafx.graphics@19-ea/javafx.scene.Node.fireEvent(Node.java:8797)
	at javafx.controls@19-ea/javafx.scene.control.Button.fire(Button.java:203)
	at javafx.controls@19-ea/com.sun.javafx.scene.control.behavior.ButtonBehavior.mouseReleased(ButtonBehavior.java:208)
	at javafx.controls@19-ea/com.sun.javafx.scene.control.inputmap.InputMap.handle(InputMap.java:274)
	at javafx.base@19-ea/com.sun.javafx.event.CompositeEventHandler$NormalEventHandlerRecord.handleBubblingEvent(CompositeEventHandler.java:247)
	at javafx.base@19-ea/com.sun.javafx.event.CompositeEventHandler.dispatchBubblingEvent(CompositeEventHandler.java:80)
	at javafx.base@19-ea/com.sun.javafx.event.EventHandlerManager.dispatchBubblingEvent(EventHandlerManager.java:234)
	at javafx.base@19-ea/com.sun.javafx.event.EventHandlerManager.dispatchBubblingEvent(EventHandlerManager.java:191)
	at javafx.base@19-ea/com.sun.javafx.event.CompositeEventDispatcher.dispatchBubblingEvent(CompositeEventDispatcher.java:59)
	at javafx.base@19-ea/com.sun.javafx.event.BasicEventDispatcher.dispatchEvent(BasicEventDispatcher.java:58)
	at javafx.base@19-ea/com.sun.javafx.event.EventDispatchChainImpl.dispatchEvent(EventDispatchChainImpl.java:114)
	at javafx.base@19-ea/com.sun.javafx.event.BasicEventDispatcher.dispatchEvent(BasicEventDispatcher.java:56)
	at javafx.base@19-ea/com.sun.javafx.event.EventDispatchChainImpl.dispatchEvent(EventDispatchChainImpl.java:114)
	at javafx.base@19-ea/com.sun.javafx.event.BasicEventDispatcher.dispatchEvent(BasicEventDispatcher.java:56)
	at javafx.base@19-ea/com.sun.javafx.event.EventDispatchChainImpl.dispatchEvent(EventDispatchChainImpl.java:114)
	at javafx.base@19-ea/com.sun.javafx.event.EventUtil.fireEventImpl(EventUtil.java:74)
	at javafx.base@19-ea/com.sun.javafx.event.EventUtil.fireEvent(EventUtil.java:54)
	at javafx.base@19-ea/javafx.event.Event.fireEvent(Event.java:198)
	at javafx.graphics@19-ea/javafx.scene.Scene$MouseHandler.process(Scene.java:3881)
	at javafx.graphics@19-ea/javafx.scene.Scene.processMouseEvent(Scene.java:1874)
	at javafx.graphics@19-ea/javafx.scene.Scene$ScenePeerListener.mouseEvent(Scene.java:2607)
	at javafx.graphics@19-ea/com.sun.javafx.tk.quantum.GlassViewEventHandler$MouseEventNotification.run(GlassViewEventHandler.java:411)
	at javafx.graphics@19-ea/com.sun.javafx.tk.quantum.GlassViewEventHandler$MouseEventNotification.run(GlassViewEventHandler.java:301)
	at java.base/java.security.AccessController.doPrivileged(AccessController.java:399)
	at javafx.graphics@19-ea/com.sun.javafx.tk.quantum.GlassViewEventHandler.lambda$handleMouseEvent$2(GlassViewEventHandler.java:450)
	at javafx.graphics@19-ea/com.sun.javafx.tk.quantum.QuantumToolkit.runWithoutRenderLock(QuantumToolkit.java:424)
	at javafx.graphics@19-ea/com.sun.javafx.tk.quantum.GlassViewEventHandler.handleMouseEvent(GlassViewEventHandler.java:449)
	at javafx.graphics@19-ea/com.sun.glass.ui.View.handleMouseEvent(View.java:551)
	at javafx.graphics@19-ea/com.sun.glass.ui.View.notifyMouse(View.java:937)
	at javafx.graphics@19-ea/com.sun.glass.ui.win.WinApplication._runLoop(Native Method)
	at javafx.graphics@19-ea/com.sun.glass.ui.win.WinApplication.lambda$runLoop$3(WinApplication.java:184)
	at java.base/java.lang.Thread.run(Thread.java:1589)
2023-01-29 21:10:22,075 ERROR [JavaFX Application Thread] c.e.p.Run [BazaPodataka.java:133] Došlo je do pogreške u radu s bazom podataka
java.nio.file.FileAlreadyExistsException: src\main\resources\Slike\hrana za pse0.jpg
	at java.base/sun.nio.fs.WindowsFileCopy.copy(WindowsFileCopy.java:124)
	at java.base/sun.nio.fs.WindowsFileSystemProvider.copy(WindowsFileSystemProvider.java:284)
	at java.base/java.nio.file.Files.copy(Files.java:1304)
	at com.example.petshopprojekt/BazaPodataka.BazaPodataka.spremiNoviProizvod(BazaPodataka.java:130)
	at com.example.petshopprojekt/com.example.petshopprojekt.ZaposlenikProizvodiController.unesiProizvod(ZaposlenikProizvodiController.java:82)
	at java.base/jdk.internal.reflect.DirectMethodHandleAccessor.invoke(DirectMethodHandleAccessor.java:104)
	at java.base/java.lang.reflect.Method.invoke(Method.java:578)
	at com.sun.javafx.reflect.Trampoline.invoke(MethodUtil.java:77)
	at java.base/jdk.internal.reflect.DirectMethodHandleAccessor.invoke(DirectMethodHandleAccessor.java:104)
	at java.base/java.lang.reflect.Method.invoke(Method.java:578)
	at javafx.base@19-ea/com.sun.javafx.reflect.MethodUtil.invoke(MethodUtil.java:275)
	at javafx.fxml@19-ea/com.sun.javafx.fxml.MethodHelper.invoke(MethodHelper.java:84)
	at javafx.fxml@19-ea/javafx.fxml.FXMLLoader$MethodHandler.invoke(FXMLLoader.java:1854)
	at javafx.fxml@19-ea/javafx.fxml.FXMLLoader$ControllerMethodEventHandler.handle(FXMLLoader.java:1724)
	at javafx.base@19-ea/com.sun.javafx.event.CompositeEventHandler.dispatchBubblingEvent(CompositeEventHandler.java:86)
	at javafx.base@19-ea/com.sun.javafx.event.EventHandlerManager.dispatchBubblingEvent(EventHandlerManager.java:234)
	at javafx.base@19-ea/com.sun.javafx.event.EventHandlerManager.dispatchBubblingEvent(EventHandlerManager.java:191)
	at javafx.base@19-ea/com.sun.javafx.event.CompositeEventDispatcher.dispatchBubblingEvent(CompositeEventDispatcher.java:59)
	at javafx.base@19-ea/com.sun.javafx.event.BasicEventDispatcher.dispatchEvent(BasicEventDispatcher.java:58)
	at javafx.base@19-ea/com.sun.javafx.event.EventDispatchChainImpl.dispatchEvent(EventDispatchChainImpl.java:114)
	at javafx.base@19-ea/com.sun.javafx.event.BasicEventDispatcher.dispatchEvent(BasicEventDispatcher.java:56)
	at javafx.base@19-ea/com.sun.javafx.event.EventDispatchChainImpl.dispatchEvent(EventDispatchChainImpl.java:114)
	at javafx.base@19-ea/com.sun.javafx.event.BasicEventDispatcher.dispatchEvent(BasicEventDispatcher.java:56)
	at javafx.base@19-ea/com.sun.javafx.event.EventDispatchChainImpl.dispatchEvent(EventDispatchChainImpl.java:114)
	at javafx.base@19-ea/com.sun.javafx.event.EventUtil.fireEventImpl(EventUtil.java:74)
	at javafx.base@19-ea/com.sun.javafx.event.EventUtil.fireEvent(EventUtil.java:49)
	at javafx.base@19-ea/javafx.event.Event.fireEvent(Event.java:198)
	at javafx.graphics@19-ea/javafx.scene.Node.fireEvent(Node.java:8797)
	at javafx.controls@19-ea/javafx.scene.control.Button.fire(Button.java:203)
	at javafx.controls@19-ea/com.sun.javafx.scene.control.behavior.ButtonBehavior.mouseReleased(ButtonBehavior.java:208)
	at javafx.controls@19-ea/com.sun.javafx.scene.control.inputmap.InputMap.handle(InputMap.java:274)
	at javafx.base@19-ea/com.sun.javafx.event.CompositeEventHandler$NormalEventHandlerRecord.handleBubblingEvent(CompositeEventHandler.java:247)
	at javafx.base@19-ea/com.sun.javafx.event.CompositeEventHandler.dispatchBubblingEvent(CompositeEventHandler.java:80)
	at javafx.base@19-ea/com.sun.javafx.event.EventHandlerManager.dispatchBubblingEvent(EventHandlerManager.java:234)
	at javafx.base@19-ea/com.sun.javafx.event.EventHandlerManager.dispatchBubblingEvent(EventHandlerManager.java:191)
	at javafx.base@19-ea/com.sun.javafx.event.CompositeEventDispatcher.dispatchBubblingEvent(CompositeEventDispatcher.java:59)
	at javafx.base@19-ea/com.sun.javafx.event.BasicEventDispatcher.dispatchEvent(BasicEventDispatcher.java:58)
	at javafx.base@19-ea/com.sun.javafx.event.EventDispatchChainImpl.dispatchEvent(EventDispatchChainImpl.java:114)
	at javafx.base@19-ea/com.sun.javafx.event.BasicEventDispatcher.dispatchEvent(BasicEventDispatcher.java:56)
	at javafx.base@19-ea/com.sun.javafx.event.EventDispatchChainImpl.dispatchEvent(EventDispatchChainImpl.java:114)
	at javafx.base@19-ea/com.sun.javafx.event.BasicEventDispatcher.dispatchEvent(BasicEventDispatcher.java:56)
	at javafx.base@19-ea/com.sun.javafx.event.EventDispatchChainImpl.dispatchEvent(EventDispatchChainImpl.java:114)
	at javafx.base@19-ea/com.sun.javafx.event.EventUtil.fireEventImpl(EventUtil.java:74)
	at javafx.base@19-ea/com.sun.javafx.event.EventUtil.fireEvent(EventUtil.java:54)
	at javafx.base@19-ea/javafx.event.Event.fireEvent(Event.java:198)
	at javafx.graphics@19-ea/javafx.scene.Scene$MouseHandler.process(Scene.java:3881)
	at javafx.graphics@19-ea/javafx.scene.Scene.processMouseEvent(Scene.java:1874)
	at javafx.graphics@19-ea/javafx.scene.Scene$ScenePeerListener.mouseEvent(Scene.java:2607)
	at javafx.graphics@19-ea/com.sun.javafx.tk.quantum.GlassViewEventHandler$MouseEventNotification.run(GlassViewEventHandler.java:411)
	at javafx.graphics@19-ea/com.sun.javafx.tk.quantum.GlassViewEventHandler$MouseEventNotification.run(GlassViewEventHandler.java:301)
	at java.base/java.security.AccessController.doPrivileged(AccessController.java:399)
	at javafx.graphics@19-ea/com.sun.javafx.tk.quantum.GlassViewEventHandler.lambda$handleMouseEvent$2(GlassViewEventHandler.java:450)
	at javafx.graphics@19-ea/com.sun.javafx.tk.quantum.QuantumToolkit.runWithoutRenderLock(QuantumToolkit.java:424)
	at javafx.graphics@19-ea/com.sun.javafx.tk.quantum.GlassViewEventHandler.handleMouseEvent(GlassViewEventHandler.java:449)
	at javafx.graphics@19-ea/com.sun.glass.ui.View.handleMouseEvent(View.java:551)
	at javafx.graphics@19-ea/com.sun.glass.ui.View.notifyMouse(View.java:937)
	at javafx.graphics@19-ea/com.sun.glass.ui.win.WinApplication._runLoop(Native Method)
	at javafx.graphics@19-ea/com.sun.glass.ui.win.WinApplication.lambda$runLoop$3(WinApplication.java:184)
	at java.base/java.lang.Thread.run(Thread.java:1589)
2023-01-29 21:17:12,305 ERROR [JavaFX Application Thread] c.e.p.Run [BazaPodataka.java:136] Došlo je do pogreške u radu s bazom podataka
java.nio.file.FileAlreadyExistsException: hrana za pse.jpg
	at java.base/sun.nio.fs.WindowsFileCopy.copy(WindowsFileCopy.java:124)
	at java.base/sun.nio.fs.WindowsFileSystemProvider.copy(WindowsFileSystemProvider.java:284)
	at java.base/java.nio.file.Files.copy(Files.java:1304)
	at com.example.petshopprojekt/BazaPodataka.BazaPodataka.spremiNoviProizvod(BazaPodataka.java:133)
	at com.example.petshopprojekt/com.example.petshopprojekt.ZaposlenikProizvodiController.unesiProizvod(ZaposlenikProizvodiController.java:82)
	at java.base/jdk.internal.reflect.DirectMethodHandleAccessor.invoke(DirectMethodHandleAccessor.java:104)
	at java.base/java.lang.reflect.Method.invoke(Method.java:578)
	at com.sun.javafx.reflect.Trampoline.invoke(MethodUtil.java:77)
	at java.base/jdk.internal.reflect.DirectMethodHandleAccessor.invoke(DirectMethodHandleAccessor.java:104)
	at java.base/java.lang.reflect.Method.invoke(Method.java:578)
	at javafx.base@19-ea/com.sun.javafx.reflect.MethodUtil.invoke(MethodUtil.java:275)
	at javafx.fxml@19-ea/com.sun.javafx.fxml.MethodHelper.invoke(MethodHelper.java:84)
	at javafx.fxml@19-ea/javafx.fxml.FXMLLoader$MethodHandler.invoke(FXMLLoader.java:1854)
	at javafx.fxml@19-ea/javafx.fxml.FXMLLoader$ControllerMethodEventHandler.handle(FXMLLoader.java:1724)
	at javafx.base@19-ea/com.sun.javafx.event.CompositeEventHandler.dispatchBubblingEvent(CompositeEventHandler.java:86)
	at javafx.base@19-ea/com.sun.javafx.event.EventHandlerManager.dispatchBubblingEvent(EventHandlerManager.java:234)
	at javafx.base@19-ea/com.sun.javafx.event.EventHandlerManager.dispatchBubblingEvent(EventHandlerManager.java:191)
	at javafx.base@19-ea/com.sun.javafx.event.CompositeEventDispatcher.dispatchBubblingEvent(CompositeEventDispatcher.java:59)
	at javafx.base@19-ea/com.sun.javafx.event.BasicEventDispatcher.dispatchEvent(BasicEventDispatcher.java:58)
	at javafx.base@19-ea/com.sun.javafx.event.EventDispatchChainImpl.dispatchEvent(EventDispatchChainImpl.java:114)
	at javafx.base@19-ea/com.sun.javafx.event.BasicEventDispatcher.dispatchEvent(BasicEventDispatcher.java:56)
	at javafx.base@19-ea/com.sun.javafx.event.EventDispatchChainImpl.dispatchEvent(EventDispatchChainImpl.java:114)
	at javafx.base@19-ea/com.sun.javafx.event.BasicEventDispatcher.dispatchEvent(BasicEventDispatcher.java:56)
	at javafx.base@19-ea/com.sun.javafx.event.EventDispatchChainImpl.dispatchEvent(EventDispatchChainImpl.java:114)
	at javafx.base@19-ea/com.sun.javafx.event.EventUtil.fireEventImpl(EventUtil.java:74)
	at javafx.base@19-ea/com.sun.javafx.event.EventUtil.fireEvent(EventUtil.java:49)
	at javafx.base@19-ea/javafx.event.Event.fireEvent(Event.java:198)
	at javafx.graphics@19-ea/javafx.scene.Node.fireEvent(Node.java:8797)
	at javafx.controls@19-ea/javafx.scene.control.Button.fire(Button.java:203)
	at javafx.controls@19-ea/com.sun.javafx.scene.control.behavior.ButtonBehavior.mouseReleased(ButtonBehavior.java:208)
	at javafx.controls@19-ea/com.sun.javafx.scene.control.inputmap.InputMap.handle(InputMap.java:274)
	at javafx.base@19-ea/com.sun.javafx.event.CompositeEventHandler$NormalEventHandlerRecord.handleBubblingEvent(CompositeEventHandler.java:247)
	at javafx.base@19-ea/com.sun.javafx.event.CompositeEventHandler.dispatchBubblingEvent(CompositeEventHandler.java:80)
	at javafx.base@19-ea/com.sun.javafx.event.EventHandlerManager.dispatchBubblingEvent(EventHandlerManager.java:234)
	at javafx.base@19-ea/com.sun.javafx.event.EventHandlerManager.dispatchBubblingEvent(EventHandlerManager.java:191)
	at javafx.base@19-ea/com.sun.javafx.event.CompositeEventDispatcher.dispatchBubblingEvent(CompositeEventDispatcher.java:59)
	at javafx.base@19-ea/com.sun.javafx.event.BasicEventDispatcher.dispatchEvent(BasicEventDispatcher.java:58)
	at javafx.base@19-ea/com.sun.javafx.event.EventDispatchChainImpl.dispatchEvent(EventDispatchChainImpl.java:114)
	at javafx.base@19-ea/com.sun.javafx.event.BasicEventDispatcher.dispatchEvent(BasicEventDispatcher.java:56)
	at javafx.base@19-ea/com.sun.javafx.event.EventDispatchChainImpl.dispatchEvent(EventDispatchChainImpl.java:114)
	at javafx.base@19-ea/com.sun.javafx.event.BasicEventDispatcher.dispatchEvent(BasicEventDispatcher.java:56)
	at javafx.base@19-ea/com.sun.javafx.event.EventDispatchChainImpl.dispatchEvent(EventDispatchChainImpl.java:114)
	at javafx.base@19-ea/com.sun.javafx.event.EventUtil.fireEventImpl(EventUtil.java:74)
	at javafx.base@19-ea/com.sun.javafx.event.EventUtil.fireEvent(EventUtil.java:54)
	at javafx.base@19-ea/javafx.event.Event.fireEvent(Event.java:198)
	at javafx.graphics@19-ea/javafx.scene.Scene$MouseHandler.process(Scene.java:3881)
	at javafx.graphics@19-ea/javafx.scene.Scene.processMouseEvent(Scene.java:1874)
	at javafx.graphics@19-ea/javafx.scene.Scene$ScenePeerListener.mouseEvent(Scene.java:2607)
	at javafx.graphics@19-ea/com.sun.javafx.tk.quantum.GlassViewEventHandler$MouseEventNotification.run(GlassViewEventHandler.java:411)
	at javafx.graphics@19-ea/com.sun.javafx.tk.quantum.GlassViewEventHandler$MouseEventNotification.run(GlassViewEventHandler.java:301)
	at java.base/java.security.AccessController.doPrivileged(AccessController.java:399)
	at javafx.graphics@19-ea/com.sun.javafx.tk.quantum.GlassViewEventHandler.lambda$handleMouseEvent$2(GlassViewEventHandler.java:450)
	at javafx.graphics@19-ea/com.sun.javafx.tk.quantum.QuantumToolkit.runWithoutRenderLock(QuantumToolkit.java:424)
	at javafx.graphics@19-ea/com.sun.javafx.tk.quantum.GlassViewEventHandler.handleMouseEvent(GlassViewEventHandler.java:449)
	at javafx.graphics@19-ea/com.sun.glass.ui.View.handleMouseEvent(View.java:551)
	at javafx.graphics@19-ea/com.sun.glass.ui.View.notifyMouse(View.java:937)
	at javafx.graphics@19-ea/com.sun.glass.ui.win.WinApplication._runLoop(Native Method)
	at javafx.graphics@19-ea/com.sun.glass.ui.win.WinApplication.lambda$runLoop$3(WinApplication.java:184)
	at java.base/java.lang.Thread.run(Thread.java:1589)
2023-01-29 22:40:19,904 ERROR [JavaFX Application Thread] c.e.p.Run [BazaPodataka.java:182] Došlo je do pogreške u radu s bazom podataka
org.h2.jdbc.JdbcSQLDataException: Data conversion error converting "'Od jetre' (PROIZVOD: ""KOLICINA"" INTEGER NOT NULL)"; SQL statement:
UPDATE PROIZVOD SET NAZIV = ? , CIJENA = ?, OPIS = ? , KOLICINA =?, SLIKA = ?WHERE ID =15 [22018-214]
	at org.h2.message.DbException.getJdbcSQLException(DbException.java:506)
	at org.h2.engine.SessionRemote.readException(SessionRemote.java:637)
	at org.h2.engine.SessionRemote.done(SessionRemote.java:606)
	at org.h2.command.CommandRemote.executeUpdate(CommandRemote.java:227)
	at org.h2.jdbc.JdbcPreparedStatement.executeUpdateInternal(JdbcPreparedStatement.java:209)
	at org.h2.jdbc.JdbcPreparedStatement.executeUpdate(JdbcPreparedStatement.java:169)
	at com.example.petshopprojekt/BazaPodataka.BazaPodataka.azurirajProizvod(BazaPodataka.java:176)
	at com.example.petshopprojekt/com.example.petshopprojekt.ZaposlenikProizvodiController.azurirajProizvod(ZaposlenikProizvodiController.java:116)
	at java.base/jdk.internal.reflect.DirectMethodHandleAccessor.invoke(DirectMethodHandleAccessor.java:104)
	at java.base/java.lang.reflect.Method.invoke(Method.java:578)
	at com.sun.javafx.reflect.Trampoline.invoke(MethodUtil.java:77)
	at java.base/jdk.internal.reflect.DirectMethodHandleAccessor.invoke(DirectMethodHandleAccessor.java:104)
	at java.base/java.lang.reflect.Method.invoke(Method.java:578)
	at javafx.base@19-ea/com.sun.javafx.reflect.MethodUtil.invoke(MethodUtil.java:275)
	at javafx.fxml@19-ea/com.sun.javafx.fxml.MethodHelper.invoke(MethodHelper.java:84)
	at javafx.fxml@19-ea/javafx.fxml.FXMLLoader$MethodHandler.invoke(FXMLLoader.java:1854)
	at javafx.fxml@19-ea/javafx.fxml.FXMLLoader$ControllerMethodEventHandler.handle(FXMLLoader.java:1724)
	at javafx.base@19-ea/com.sun.javafx.event.CompositeEventHandler.dispatchBubblingEvent(CompositeEventHandler.java:86)
	at javafx.base@19-ea/com.sun.javafx.event.EventHandlerManager.dispatchBubblingEvent(EventHandlerManager.java:234)
	at javafx.base@19-ea/com.sun.javafx.event.EventHandlerManager.dispatchBubblingEvent(EventHandlerManager.java:191)
	at javafx.base@19-ea/com.sun.javafx.event.CompositeEventDispatcher.dispatchBubblingEvent(CompositeEventDispatcher.java:59)
	at javafx.base@19-ea/com.sun.javafx.event.BasicEventDispatcher.dispatchEvent(BasicEventDispatcher.java:58)
	at javafx.base@19-ea/com.sun.javafx.event.EventDispatchChainImpl.dispatchEvent(EventDispatchChainImpl.java:114)
	at javafx.base@19-ea/com.sun.javafx.event.BasicEventDispatcher.dispatchEvent(BasicEventDispatcher.java:56)
	at javafx.base@19-ea/com.sun.javafx.event.EventDispatchChainImpl.dispatchEvent(EventDispatchChainImpl.java:114)
	at javafx.base@19-ea/com.sun.javafx.event.BasicEventDispatcher.dispatchEvent(BasicEventDispatcher.java:56)
	at javafx.base@19-ea/com.sun.javafx.event.EventDispatchChainImpl.dispatchEvent(EventDispatchChainImpl.java:114)
	at javafx.base@19-ea/com.sun.javafx.event.EventUtil.fireEventImpl(EventUtil.java:74)
	at javafx.base@19-ea/com.sun.javafx.event.EventUtil.fireEvent(EventUtil.java:49)
	at javafx.base@19-ea/javafx.event.Event.fireEvent(Event.java:198)
	at javafx.graphics@19-ea/javafx.scene.Node.fireEvent(Node.java:8797)
	at javafx.controls@19-ea/javafx.scene.control.Button.fire(Button.java:203)
	at javafx.controls@19-ea/com.sun.javafx.scene.control.behavior.ButtonBehavior.mouseReleased(ButtonBehavior.java:208)
	at javafx.controls@19-ea/com.sun.javafx.scene.control.inputmap.InputMap.handle(InputMap.java:274)
	at javafx.base@19-ea/com.sun.javafx.event.CompositeEventHandler$NormalEventHandlerRecord.handleBubblingEvent(CompositeEventHandler.java:247)
	at javafx.base@19-ea/com.sun.javafx.event.CompositeEventHandler.dispatchBubblingEvent(CompositeEventHandler.java:80)
	at javafx.base@19-ea/com.sun.javafx.event.EventHandlerManager.dispatchBubblingEvent(EventHandlerManager.java:234)
	at javafx.base@19-ea/com.sun.javafx.event.EventHandlerManager.dispatchBubblingEvent(EventHandlerManager.java:191)
	at javafx.base@19-ea/com.sun.javafx.event.CompositeEventDispatcher.dispatchBubblingEvent(CompositeEventDispatcher.java:59)
	at javafx.base@19-ea/com.sun.javafx.event.BasicEventDispatcher.dispatchEvent(BasicEventDispatcher.java:58)
	at javafx.base@19-ea/com.sun.javafx.event.EventDispatchChainImpl.dispatchEvent(EventDispatchChainImpl.java:114)
	at javafx.base@19-ea/com.sun.javafx.event.BasicEventDispatcher.dispatchEvent(BasicEventDispatcher.java:56)
	at javafx.base@19-ea/com.sun.javafx.event.EventDispatchChainImpl.dispatchEvent(EventDispatchChainImpl.java:114)
	at javafx.base@19-ea/com.sun.javafx.event.BasicEventDispatcher.dispatchEvent(BasicEventDispatcher.java:56)
	at javafx.base@19-ea/com.sun.javafx.event.EventDispatchChainImpl.dispatchEvent(EventDispatchChainImpl.java:114)
	at javafx.base@19-ea/com.sun.javafx.event.EventUtil.fireEventImpl(EventUtil.java:74)
	at javafx.base@19-ea/com.sun.javafx.event.EventUtil.fireEvent(EventUtil.java:54)
	at javafx.base@19-ea/javafx.event.Event.fireEvent(Event.java:198)
	at javafx.graphics@19-ea/javafx.scene.Scene$MouseHandler.process(Scene.java:3881)
	at javafx.graphics@19-ea/javafx.scene.Scene.processMouseEvent(Scene.java:1874)
	at javafx.graphics@19-ea/javafx.scene.Scene$ScenePeerListener.mouseEvent(Scene.java:2607)
	at javafx.graphics@19-ea/com.sun.javafx.tk.quantum.GlassViewEventHandler$MouseEventNotification.run(GlassViewEventHandler.java:411)
	at javafx.graphics@19-ea/com.sun.javafx.tk.quantum.GlassViewEventHandler$MouseEventNotification.run(GlassViewEventHandler.java:301)
	at java.base/java.security.AccessController.doPrivileged(AccessController.java:399)
	at javafx.graphics@19-ea/com.sun.javafx.tk.quantum.GlassViewEventHandler.lambda$handleMouseEvent$2(GlassViewEventHandler.java:450)
	at javafx.graphics@19-ea/com.sun.javafx.tk.quantum.QuantumToolkit.runWithoutRenderLock(QuantumToolkit.java:424)
	at javafx.graphics@19-ea/com.sun.javafx.tk.quantum.GlassViewEventHandler.handleMouseEvent(GlassViewEventHandler.java:449)
	at javafx.graphics@19-ea/com.sun.glass.ui.View.handleMouseEvent(View.java:551)
	at javafx.graphics@19-ea/com.sun.glass.ui.View.notifyMouse(View.java:937)
	at javafx.graphics@19-ea/com.sun.glass.ui.win.WinApplication._runLoop(Native Method)
	at javafx.graphics@19-ea/com.sun.glass.ui.win.WinApplication.lambda$runLoop$3(WinApplication.java:184)
	at java.base/java.lang.Thread.run(Thread.java:1589)
2023-01-29 22:59:44,958 ERROR [JavaFX Application Thread] c.e.p.Run [BazaPodataka.java:135] Došlo je do pogreške u radu s bazom podataka
java.nio.file.NoSuchFileException: src\main\resources\Slike\hrana za pse0.jpg
	at java.base/sun.nio.fs.WindowsException.translateToIOException(WindowsException.java:85)
	at java.base/sun.nio.fs.WindowsException.rethrowAsIOException(WindowsException.java:103)
	at java.base/sun.nio.fs.WindowsException.rethrowAsIOException(WindowsException.java:108)
	at java.base/sun.nio.fs.WindowsFileCopy.copy(WindowsFileCopy.java:99)
	at java.base/sun.nio.fs.WindowsFileSystemProvider.copy(WindowsFileSystemProvider.java:284)
	at java.base/java.nio.file.Files.copy(Files.java:1304)
	at com.example.petshopprojekt/BazaPodataka.BazaPodataka.spremiNoviProizvod(BazaPodataka.java:132)
	at com.example.petshopprojekt/com.example.petshopprojekt.ZaposlenikProizvodiController.unesiProizvod(ZaposlenikProizvodiController.java:83)
	at java.base/jdk.internal.reflect.DirectMethodHandleAccessor.invoke(DirectMethodHandleAccessor.java:104)
	at java.base/java.lang.reflect.Method.invoke(Method.java:578)
	at com.sun.javafx.reflect.Trampoline.invoke(MethodUtil.java:77)
	at java.base/jdk.internal.reflect.DirectMethodHandleAccessor.invoke(DirectMethodHandleAccessor.java:104)
	at java.base/java.lang.reflect.Method.invoke(Method.java:578)
	at javafx.base@19-ea/com.sun.javafx.reflect.MethodUtil.invoke(MethodUtil.java:275)
	at javafx.fxml@19-ea/com.sun.javafx.fxml.MethodHelper.invoke(MethodHelper.java:84)
	at javafx.fxml@19-ea/javafx.fxml.FXMLLoader$MethodHandler.invoke(FXMLLoader.java:1854)
	at javafx.fxml@19-ea/javafx.fxml.FXMLLoader$ControllerMethodEventHandler.handle(FXMLLoader.java:1724)
	at javafx.base@19-ea/com.sun.javafx.event.CompositeEventHandler.dispatchBubblingEvent(CompositeEventHandler.java:86)
	at javafx.base@19-ea/com.sun.javafx.event.EventHandlerManager.dispatchBubblingEvent(EventHandlerManager.java:234)
	at javafx.base@19-ea/com.sun.javafx.event.EventHandlerManager.dispatchBubblingEvent(EventHandlerManager.java:191)
	at javafx.base@19-ea/com.sun.javafx.event.CompositeEventDispatcher.dispatchBubblingEvent(CompositeEventDispatcher.java:59)
	at javafx.base@19-ea/com.sun.javafx.event.BasicEventDispatcher.dispatchEvent(BasicEventDispatcher.java:58)
	at javafx.base@19-ea/com.sun.javafx.event.EventDispatchChainImpl.dispatchEvent(EventDispatchChainImpl.java:114)
	at javafx.base@19-ea/com.sun.javafx.event.BasicEventDispatcher.dispatchEvent(BasicEventDispatcher.java:56)
	at javafx.base@19-ea/com.sun.javafx.event.EventDispatchChainImpl.dispatchEvent(EventDispatchChainImpl.java:114)
	at javafx.base@19-ea/com.sun.javafx.event.BasicEventDispatcher.dispatchEvent(BasicEventDispatcher.java:56)
	at javafx.base@19-ea/com.sun.javafx.event.EventDispatchChainImpl.dispatchEvent(EventDispatchChainImpl.java:114)
	at javafx.base@19-ea/com.sun.javafx.event.EventUtil.fireEventImpl(EventUtil.java:74)
	at javafx.base@19-ea/com.sun.javafx.event.EventUtil.fireEvent(EventUtil.java:49)
	at javafx.base@19-ea/javafx.event.Event.fireEvent(Event.java:198)
	at javafx.graphics@19-ea/javafx.scene.Node.fireEvent(Node.java:8797)
	at javafx.controls@19-ea/javafx.scene.control.Button.fire(Button.java:203)
	at javafx.controls@19-ea/com.sun.javafx.scene.control.behavior.ButtonBehavior.mouseReleased(ButtonBehavior.java:208)
	at javafx.controls@19-ea/com.sun.javafx.scene.control.inputmap.InputMap.handle(InputMap.java:274)
	at javafx.base@19-ea/com.sun.javafx.event.CompositeEventHandler$NormalEventHandlerRecord.handleBubblingEvent(CompositeEventHandler.java:247)
	at javafx.base@19-ea/com.sun.javafx.event.CompositeEventHandler.dispatchBubblingEvent(CompositeEventHandler.java:80)
	at javafx.base@19-ea/com.sun.javafx.event.EventHandlerManager.dispatchBubblingEvent(EventHandlerManager.java:234)
	at javafx.base@19-ea/com.sun.javafx.event.EventHandlerManager.dispatchBubblingEvent(EventHandlerManager.java:191)
	at javafx.base@19-ea/com.sun.javafx.event.CompositeEventDispatcher.dispatchBubblingEvent(CompositeEventDispatcher.java:59)
	at javafx.base@19-ea/com.sun.javafx.event.BasicEventDispatcher.dispatchEvent(BasicEventDispatcher.java:58)
	at javafx.base@19-ea/com.sun.javafx.event.EventDispatchChainImpl.dispatchEvent(EventDispatchChainImpl.java:114)
	at javafx.base@19-ea/com.sun.javafx.event.BasicEventDispatcher.dispatchEvent(BasicEventDispatcher.java:56)
	at javafx.base@19-ea/com.sun.javafx.event.EventDispatchChainImpl.dispatchEvent(EventDispatchChainImpl.java:114)
	at javafx.base@19-ea/com.sun.javafx.event.BasicEventDispatcher.dispatchEvent(BasicEventDispatcher.java:56)
	at javafx.base@19-ea/com.sun.javafx.event.EventDispatchChainImpl.dispatchEvent(EventDispatchChainImpl.java:114)
	at javafx.base@19-ea/com.sun.javafx.event.EventUtil.fireEventImpl(EventUtil.java:74)
	at javafx.base@19-ea/com.sun.javafx.event.EventUtil.fireEvent(EventUtil.java:54)
	at javafx.base@19-ea/javafx.event.Event.fireEvent(Event.java:198)
	at javafx.graphics@19-ea/javafx.scene.Scene$MouseHandler.process(Scene.java:3881)
	at javafx.graphics@19-ea/javafx.scene.Scene.processMouseEvent(Scene.java:1874)
	at javafx.graphics@19-ea/javafx.scene.Scene$ScenePeerListener.mouseEvent(Scene.java:2607)
	at javafx.graphics@19-ea/com.sun.javafx.tk.quantum.GlassViewEventHandler$MouseEventNotification.run(GlassViewEventHandler.java:411)
	at javafx.graphics@19-ea/com.sun.javafx.tk.quantum.GlassViewEventHandler$MouseEventNotification.run(GlassViewEventHandler.java:301)
	at java.base/java.security.AccessController.doPrivileged(AccessController.java:399)
	at javafx.graphics@19-ea/com.sun.javafx.tk.quantum.GlassViewEventHandler.lambda$handleMouseEvent$2(GlassViewEventHandler.java:450)
	at javafx.graphics@19-ea/com.sun.javafx.tk.quantum.QuantumToolkit.runWithoutRenderLock(QuantumToolkit.java:424)
	at javafx.graphics@19-ea/com.sun.javafx.tk.quantum.GlassViewEventHandler.handleMouseEvent(GlassViewEventHandler.java:449)
	at javafx.graphics@19-ea/com.sun.glass.ui.View.handleMouseEvent(View.java:551)
	at javafx.graphics@19-ea/com.sun.glass.ui.View.notifyMouse(View.java:937)
	at javafx.graphics@19-ea/com.sun.glass.ui.win.WinApplication._runLoop(Native Method)
	at javafx.graphics@19-ea/com.sun.glass.ui.win.WinApplication.lambda$runLoop$3(WinApplication.java:184)
	at java.base/java.lang.Thread.run(Thread.java:1589)
2023-01-30 17:15:15,082 ERROR [JavaFX Application Thread] c.e.p.Run [BazaPodataka.java:297] Došlo je do pogreške u radu s bazom podataka
org.h2.jdbc.JdbcSQLIntegrityConstraintViolationException: Unique index or primary key violation: "PUBLIC.CONSTRAINT_INDEX_1 ON PUBLIC.ZIVOTINJE(GODINE NULLS FIRST) VALUES ( /* 1 */ '2' )"; SQL statement:
INSERT INTO ZIVOTINJE(vrsta, pasmina, godine, spol,slika,kontakt) VALUES (?,?,?,?,?,?) [23505-214]
	at org.h2.message.DbException.getJdbcSQLException(DbException.java:508)
	at org.h2.engine.SessionRemote.readException(SessionRemote.java:637)
	at org.h2.engine.SessionRemote.done(SessionRemote.java:606)
	at org.h2.command.CommandRemote.executeUpdate(CommandRemote.java:227)
	at org.h2.jdbc.JdbcPreparedStatement.executeUpdateInternal(JdbcPreparedStatement.java:209)
	at org.h2.jdbc.JdbcPreparedStatement.executeUpdate(JdbcPreparedStatement.java:169)
	at com.example.petshopprojekt/BazaPodataka.BazaPodataka.spremiNovuZivotinju(BazaPodataka.java:293)
	at com.example.petshopprojekt/com.example.petshopprojekt.ZaposlenikZivotinjeController.unesiProizvod(ZaposlenikZivotinjeController.java:94)
	at java.base/jdk.internal.reflect.DirectMethodHandleAccessor.invoke(DirectMethodHandleAccessor.java:104)
	at java.base/java.lang.reflect.Method.invoke(Method.java:578)
	at com.sun.javafx.reflect.Trampoline.invoke(MethodUtil.java:77)
	at java.base/jdk.internal.reflect.DirectMethodHandleAccessor.invoke(DirectMethodHandleAccessor.java:104)
	at java.base/java.lang.reflect.Method.invoke(Method.java:578)
	at javafx.base@19-ea/com.sun.javafx.reflect.MethodUtil.invoke(MethodUtil.java:275)
	at javafx.fxml@19-ea/com.sun.javafx.fxml.MethodHelper.invoke(MethodHelper.java:84)
	at javafx.fxml@19-ea/javafx.fxml.FXMLLoader$MethodHandler.invoke(FXMLLoader.java:1854)
	at javafx.fxml@19-ea/javafx.fxml.FXMLLoader$ControllerMethodEventHandler.handle(FXMLLoader.java:1724)
	at javafx.base@19-ea/com.sun.javafx.event.CompositeEventHandler.dispatchBubblingEvent(CompositeEventHandler.java:86)
	at javafx.base@19-ea/com.sun.javafx.event.EventHandlerManager.dispatchBubblingEvent(EventHandlerManager.java:234)
	at javafx.base@19-ea/com.sun.javafx.event.EventHandlerManager.dispatchBubblingEvent(EventHandlerManager.java:191)
	at javafx.base@19-ea/com.sun.javafx.event.CompositeEventDispatcher.dispatchBubblingEvent(CompositeEventDispatcher.java:59)
	at javafx.base@19-ea/com.sun.javafx.event.BasicEventDispatcher.dispatchEvent(BasicEventDispatcher.java:58)
	at javafx.base@19-ea/com.sun.javafx.event.EventDispatchChainImpl.dispatchEvent(EventDispatchChainImpl.java:114)
	at javafx.base@19-ea/com.sun.javafx.event.BasicEventDispatcher.dispatchEvent(BasicEventDispatcher.java:56)
	at javafx.base@19-ea/com.sun.javafx.event.EventDispatchChainImpl.dispatchEvent(EventDispatchChainImpl.java:114)
	at javafx.base@19-ea/com.sun.javafx.event.BasicEventDispatcher.dispatchEvent(BasicEventDispatcher.java:56)
	at javafx.base@19-ea/com.sun.javafx.event.EventDispatchChainImpl.dispatchEvent(EventDispatchChainImpl.java:114)
	at javafx.base@19-ea/com.sun.javafx.event.EventUtil.fireEventImpl(EventUtil.java:74)
	at javafx.base@19-ea/com.sun.javafx.event.EventUtil.fireEvent(EventUtil.java:49)
	at javafx.base@19-ea/javafx.event.Event.fireEvent(Event.java:198)
	at javafx.graphics@19-ea/javafx.scene.Node.fireEvent(Node.java:8797)
	at javafx.controls@19-ea/javafx.scene.control.Button.fire(Button.java:203)
	at javafx.controls@19-ea/com.sun.javafx.scene.control.behavior.ButtonBehavior.mouseReleased(ButtonBehavior.java:208)
	at javafx.controls@19-ea/com.sun.javafx.scene.control.inputmap.InputMap.handle(InputMap.java:274)
	at javafx.base@19-ea/com.sun.javafx.event.CompositeEventHandler$NormalEventHandlerRecord.handleBubblingEvent(CompositeEventHandler.java:247)
	at javafx.base@19-ea/com.sun.javafx.event.CompositeEventHandler.dispatchBubblingEvent(CompositeEventHandler.java:80)
	at javafx.base@19-ea/com.sun.javafx.event.EventHandlerManager.dispatchBubblingEvent(EventHandlerManager.java:234)
	at javafx.base@19-ea/com.sun.javafx.event.EventHandlerManager.dispatchBubblingEvent(EventHandlerManager.java:191)
	at javafx.base@19-ea/com.sun.javafx.event.CompositeEventDispatcher.dispatchBubblingEvent(CompositeEventDispatcher.java:59)
	at javafx.base@19-ea/com.sun.javafx.event.BasicEventDispatcher.dispatchEvent(BasicEventDispatcher.java:58)
	at javafx.base@19-ea/com.sun.javafx.event.EventDispatchChainImpl.dispatchEvent(EventDispatchChainImpl.java:114)
	at javafx.base@19-ea/com.sun.javafx.event.BasicEventDispatcher.dispatchEvent(BasicEventDispatcher.java:56)
	at javafx.base@19-ea/com.sun.javafx.event.EventDispatchChainImpl.dispatchEvent(EventDispatchChainImpl.java:114)
	at javafx.base@19-ea/com.sun.javafx.event.BasicEventDispatcher.dispatchEvent(BasicEventDispatcher.java:56)
	at javafx.base@19-ea/com.sun.javafx.event.EventDispatchChainImpl.dispatchEvent(EventDispatchChainImpl.java:114)
	at javafx.base@19-ea/com.sun.javafx.event.EventUtil.fireEventImpl(EventUtil.java:74)
	at javafx.base@19-ea/com.sun.javafx.event.EventUtil.fireEvent(EventUtil.java:54)
	at javafx.base@19-ea/javafx.event.Event.fireEvent(Event.java:198)
	at javafx.graphics@19-ea/javafx.scene.Scene$MouseHandler.process(Scene.java:3881)
	at javafx.graphics@19-ea/javafx.scene.Scene.processMouseEvent(Scene.java:1874)
	at javafx.graphics@19-ea/javafx.scene.Scene$ScenePeerListener.mouseEvent(Scene.java:2607)
	at javafx.graphics@19-ea/com.sun.javafx.tk.quantum.GlassViewEventHandler$MouseEventNotification.run(GlassViewEventHandler.java:411)
	at javafx.graphics@19-ea/com.sun.javafx.tk.quantum.GlassViewEventHandler$MouseEventNotification.run(GlassViewEventHandler.java:301)
	at java.base/java.security.AccessController.doPrivileged(AccessController.java:399)
	at javafx.graphics@19-ea/com.sun.javafx.tk.quantum.GlassViewEventHandler.lambda$handleMouseEvent$2(GlassViewEventHandler.java:450)
	at javafx.graphics@19-ea/com.sun.javafx.tk.quantum.QuantumToolkit.runWithoutRenderLock(QuantumToolkit.java:424)
	at javafx.graphics@19-ea/com.sun.javafx.tk.quantum.GlassViewEventHandler.handleMouseEvent(GlassViewEventHandler.java:449)
	at javafx.graphics@19-ea/com.sun.glass.ui.View.handleMouseEvent(View.java:551)
	at javafx.graphics@19-ea/com.sun.glass.ui.View.notifyMouse(View.java:937)
	at javafx.graphics@19-ea/com.sun.glass.ui.win.WinApplication._runLoop(Native Method)
	at javafx.graphics@19-ea/com.sun.glass.ui.win.WinApplication.lambda$runLoop$3(WinApplication.java:184)
	at java.base/java.lang.Thread.run(Thread.java:1589)
2023-01-30 17:41:57,874 ERROR [JavaFX Application Thread] c.e.p.Run [BazaPodataka.java:297] Došlo je do pogreške u radu s bazom podataka
org.h2.jdbc.JdbcSQLIntegrityConstraintViolationException: Unique index or primary key violation: "PUBLIC.CONSTRAINT_INDEX_1 ON PUBLIC.ZIVOTINJE(GODINE NULLS FIRST) VALUES ( /* 1 */ '2' )"; SQL statement:
INSERT INTO ZIVOTINJE(vrsta, pasmina, godine, spol,slika,kontakt) VALUES (?,?,?,?,?,?) [23505-214]
	at org.h2.message.DbException.getJdbcSQLException(DbException.java:508)
	at org.h2.engine.SessionRemote.readException(SessionRemote.java:637)
	at org.h2.engine.SessionRemote.done(SessionRemote.java:606)
	at org.h2.command.CommandRemote.executeUpdate(CommandRemote.java:227)
	at org.h2.jdbc.JdbcPreparedStatement.executeUpdateInternal(JdbcPreparedStatement.java:209)
	at org.h2.jdbc.JdbcPreparedStatement.executeUpdate(JdbcPreparedStatement.java:169)
	at com.example.petshopprojekt/BazaPodataka.BazaPodataka.spremiNovuZivotinju(BazaPodataka.java:293)
	at com.example.petshopprojekt/com.example.petshopprojekt.ZaposlenikZivotinjeController.unesiProizvod(ZaposlenikZivotinjeController.java:97)
	at java.base/jdk.internal.reflect.DirectMethodHandleAccessor.invoke(DirectMethodHandleAccessor.java:104)
	at java.base/java.lang.reflect.Method.invoke(Method.java:578)
	at com.sun.javafx.reflect.Trampoline.invoke(MethodUtil.java:77)
	at java.base/jdk.internal.reflect.DirectMethodHandleAccessor.invoke(DirectMethodHandleAccessor.java:104)
	at java.base/java.lang.reflect.Method.invoke(Method.java:578)
	at javafx.base@19-ea/com.sun.javafx.reflect.MethodUtil.invoke(MethodUtil.java:275)
	at javafx.fxml@19-ea/com.sun.javafx.fxml.MethodHelper.invoke(MethodHelper.java:84)
	at javafx.fxml@19-ea/javafx.fxml.FXMLLoader$MethodHandler.invoke(FXMLLoader.java:1854)
	at javafx.fxml@19-ea/javafx.fxml.FXMLLoader$ControllerMethodEventHandler.handle(FXMLLoader.java:1724)
	at javafx.base@19-ea/com.sun.javafx.event.CompositeEventHandler.dispatchBubblingEvent(CompositeEventHandler.java:86)
	at javafx.base@19-ea/com.sun.javafx.event.EventHandlerManager.dispatchBubblingEvent(EventHandlerManager.java:234)
	at javafx.base@19-ea/com.sun.javafx.event.EventHandlerManager.dispatchBubblingEvent(EventHandlerManager.java:191)
	at javafx.base@19-ea/com.sun.javafx.event.CompositeEventDispatcher.dispatchBubblingEvent(CompositeEventDispatcher.java:59)
	at javafx.base@19-ea/com.sun.javafx.event.BasicEventDispatcher.dispatchEvent(BasicEventDispatcher.java:58)
	at javafx.base@19-ea/com.sun.javafx.event.EventDispatchChainImpl.dispatchEvent(EventDispatchChainImpl.java:114)
	at javafx.base@19-ea/com.sun.javafx.event.BasicEventDispatcher.dispatchEvent(BasicEventDispatcher.java:56)
	at javafx.base@19-ea/com.sun.javafx.event.EventDispatchChainImpl.dispatchEvent(EventDispatchChainImpl.java:114)
	at javafx.base@19-ea/com.sun.javafx.event.BasicEventDispatcher.dispatchEvent(BasicEventDispatcher.java:56)
	at javafx.base@19-ea/com.sun.javafx.event.EventDispatchChainImpl.dispatchEvent(EventDispatchChainImpl.java:114)
	at javafx.base@19-ea/com.sun.javafx.event.EventUtil.fireEventImpl(EventUtil.java:74)
	at javafx.base@19-ea/com.sun.javafx.event.EventUtil.fireEvent(EventUtil.java:49)
	at javafx.base@19-ea/javafx.event.Event.fireEvent(Event.java:198)
	at javafx.graphics@19-ea/javafx.scene.Node.fireEvent(Node.java:8797)
	at javafx.controls@19-ea/javafx.scene.control.Button.fire(Button.java:203)
	at javafx.controls@19-ea/com.sun.javafx.scene.control.behavior.ButtonBehavior.mouseReleased(ButtonBehavior.java:208)
	at javafx.controls@19-ea/com.sun.javafx.scene.control.inputmap.InputMap.handle(InputMap.java:274)
	at javafx.base@19-ea/com.sun.javafx.event.CompositeEventHandler$NormalEventHandlerRecord.handleBubblingEvent(CompositeEventHandler.java:247)
	at javafx.base@19-ea/com.sun.javafx.event.CompositeEventHandler.dispatchBubblingEvent(CompositeEventHandler.java:80)
	at javafx.base@19-ea/com.sun.javafx.event.EventHandlerManager.dispatchBubblingEvent(EventHandlerManager.java:234)
	at javafx.base@19-ea/com.sun.javafx.event.EventHandlerManager.dispatchBubblingEvent(EventHandlerManager.java:191)
	at javafx.base@19-ea/com.sun.javafx.event.CompositeEventDispatcher.dispatchBubblingEvent(CompositeEventDispatcher.java:59)
	at javafx.base@19-ea/com.sun.javafx.event.BasicEventDispatcher.dispatchEvent(BasicEventDispatcher.java:58)
	at javafx.base@19-ea/com.sun.javafx.event.EventDispatchChainImpl.dispatchEvent(EventDispatchChainImpl.java:114)
	at javafx.base@19-ea/com.sun.javafx.event.BasicEventDispatcher.dispatchEvent(BasicEventDispatcher.java:56)
	at javafx.base@19-ea/com.sun.javafx.event.EventDispatchChainImpl.dispatchEvent(EventDispatchChainImpl.java:114)
	at javafx.base@19-ea/com.sun.javafx.event.BasicEventDispatcher.dispatchEvent(BasicEventDispatcher.java:56)
	at javafx.base@19-ea/com.sun.javafx.event.EventDispatchChainImpl.dispatchEvent(EventDispatchChainImpl.java:114)
	at javafx.base@19-ea/com.sun.javafx.event.EventUtil.fireEventImpl(EventUtil.java:74)
	at javafx.base@19-ea/com.sun.javafx.event.EventUtil.fireEvent(EventUtil.java:54)
	at javafx.base@19-ea/javafx.event.Event.fireEvent(Event.java:198)
	at javafx.graphics@19-ea/javafx.scene.Scene$MouseHandler.process(Scene.java:3881)
	at javafx.graphics@19-ea/javafx.scene.Scene.processMouseEvent(Scene.java:1874)
	at javafx.graphics@19-ea/javafx.scene.Scene$ScenePeerListener.mouseEvent(Scene.java:2607)
	at javafx.graphics@19-ea/com.sun.javafx.tk.quantum.GlassViewEventHandler$MouseEventNotification.run(GlassViewEventHandler.java:411)
	at javafx.graphics@19-ea/com.sun.javafx.tk.quantum.GlassViewEventHandler$MouseEventNotification.run(GlassViewEventHandler.java:301)
	at java.base/java.security.AccessController.doPrivileged(AccessController.java:399)
	at javafx.graphics@19-ea/com.sun.javafx.tk.quantum.GlassViewEventHandler.lambda$handleMouseEvent$2(GlassViewEventHandler.java:450)
	at javafx.graphics@19-ea/com.sun.javafx.tk.quantum.QuantumToolkit.runWithoutRenderLock(QuantumToolkit.java:424)
	at javafx.graphics@19-ea/com.sun.javafx.tk.quantum.GlassViewEventHandler.handleMouseEvent(GlassViewEventHandler.java:449)
	at javafx.graphics@19-ea/com.sun.glass.ui.View.handleMouseEvent(View.java:551)
	at javafx.graphics@19-ea/com.sun.glass.ui.View.notifyMouse(View.java:937)
	at javafx.graphics@19-ea/com.sun.glass.ui.win.WinApplication._runLoop(Native Method)
	at javafx.graphics@19-ea/com.sun.glass.ui.win.WinApplication.lambda$runLoop$3(WinApplication.java:184)
	at java.base/java.lang.Thread.run(Thread.java:1589)
2023-01-30 17:43:56,538 ERROR [JavaFX Application Thread] c.e.p.Run [BazaPodataka.java:297] Došlo je do pogreške u radu s bazom podataka
org.h2.jdbc.JdbcSQLIntegrityConstraintViolationException: Unique index or primary key violation: "PUBLIC.CONSTRAINT_INDEX_1 ON PUBLIC.ZIVOTINJE(GODINE NULLS FIRST) VALUES ( /* 1 */ '2' )"; SQL statement:
INSERT INTO ZIVOTINJE(vrsta, pasmina, godine, spol,slika,kontakt) VALUES (?,?,?,?,?,?) [23505-214]
	at org.h2.message.DbException.getJdbcSQLException(DbException.java:508)
	at org.h2.engine.SessionRemote.readException(SessionRemote.java:637)
	at org.h2.engine.SessionRemote.done(SessionRemote.java:606)
	at org.h2.command.CommandRemote.executeUpdate(CommandRemote.java:227)
	at org.h2.jdbc.JdbcPreparedStatement.executeUpdateInternal(JdbcPreparedStatement.java:209)
	at org.h2.jdbc.JdbcPreparedStatement.executeUpdate(JdbcPreparedStatement.java:169)
	at com.example.petshopprojekt/BazaPodataka.BazaPodataka.spremiNovuZivotinju(BazaPodataka.java:293)
	at com.example.petshopprojekt/com.example.petshopprojekt.ZaposlenikZivotinjeController.unesiProizvod(ZaposlenikZivotinjeController.java:97)
	at java.base/jdk.internal.reflect.DirectMethodHandleAccessor.invoke(DirectMethodHandleAccessor.java:104)
	at java.base/java.lang.reflect.Method.invoke(Method.java:578)
	at com.sun.javafx.reflect.Trampoline.invoke(MethodUtil.java:77)
	at java.base/jdk.internal.reflect.DirectMethodHandleAccessor.invoke(DirectMethodHandleAccessor.java:104)
	at java.base/java.lang.reflect.Method.invoke(Method.java:578)
	at javafx.base@19-ea/com.sun.javafx.reflect.MethodUtil.invoke(MethodUtil.java:275)
	at javafx.fxml@19-ea/com.sun.javafx.fxml.MethodHelper.invoke(MethodHelper.java:84)
	at javafx.fxml@19-ea/javafx.fxml.FXMLLoader$MethodHandler.invoke(FXMLLoader.java:1854)
	at javafx.fxml@19-ea/javafx.fxml.FXMLLoader$ControllerMethodEventHandler.handle(FXMLLoader.java:1724)
	at javafx.base@19-ea/com.sun.javafx.event.CompositeEventHandler.dispatchBubblingEvent(CompositeEventHandler.java:86)
	at javafx.base@19-ea/com.sun.javafx.event.EventHandlerManager.dispatchBubblingEvent(EventHandlerManager.java:234)
	at javafx.base@19-ea/com.sun.javafx.event.EventHandlerManager.dispatchBubblingEvent(EventHandlerManager.java:191)
	at javafx.base@19-ea/com.sun.javafx.event.CompositeEventDispatcher.dispatchBubblingEvent(CompositeEventDispatcher.java:59)
	at javafx.base@19-ea/com.sun.javafx.event.BasicEventDispatcher.dispatchEvent(BasicEventDispatcher.java:58)
	at javafx.base@19-ea/com.sun.javafx.event.EventDispatchChainImpl.dispatchEvent(EventDispatchChainImpl.java:114)
	at javafx.base@19-ea/com.sun.javafx.event.BasicEventDispatcher.dispatchEvent(BasicEventDispatcher.java:56)
	at javafx.base@19-ea/com.sun.javafx.event.EventDispatchChainImpl.dispatchEvent(EventDispatchChainImpl.java:114)
	at javafx.base@19-ea/com.sun.javafx.event.BasicEventDispatcher.dispatchEvent(BasicEventDispatcher.java:56)
	at javafx.base@19-ea/com.sun.javafx.event.EventDispatchChainImpl.dispatchEvent(EventDispatchChainImpl.java:114)
	at javafx.base@19-ea/com.sun.javafx.event.EventUtil.fireEventImpl(EventUtil.java:74)
	at javafx.base@19-ea/com.sun.javafx.event.EventUtil.fireEvent(EventUtil.java:49)
	at javafx.base@19-ea/javafx.event.Event.fireEvent(Event.java:198)
	at javafx.graphics@19-ea/javafx.scene.Node.fireEvent(Node.java:8797)
	at javafx.controls@19-ea/javafx.scene.control.Button.fire(Button.java:203)
	at javafx.controls@19-ea/com.sun.javafx.scene.control.behavior.ButtonBehavior.mouseReleased(ButtonBehavior.java:208)
	at javafx.controls@19-ea/com.sun.javafx.scene.control.inputmap.InputMap.handle(InputMap.java:274)
	at javafx.base@19-ea/com.sun.javafx.event.CompositeEventHandler$NormalEventHandlerRecord.handleBubblingEvent(CompositeEventHandler.java:247)
	at javafx.base@19-ea/com.sun.javafx.event.CompositeEventHandler.dispatchBubblingEvent(CompositeEventHandler.java:80)
	at javafx.base@19-ea/com.sun.javafx.event.EventHandlerManager.dispatchBubblingEvent(EventHandlerManager.java:234)
	at javafx.base@19-ea/com.sun.javafx.event.EventHandlerManager.dispatchBubblingEvent(EventHandlerManager.java:191)
	at javafx.base@19-ea/com.sun.javafx.event.CompositeEventDispatcher.dispatchBubblingEvent(CompositeEventDispatcher.java:59)
	at javafx.base@19-ea/com.sun.javafx.event.BasicEventDispatcher.dispatchEvent(BasicEventDispatcher.java:58)
	at javafx.base@19-ea/com.sun.javafx.event.EventDispatchChainImpl.dispatchEvent(EventDispatchChainImpl.java:114)
	at javafx.base@19-ea/com.sun.javafx.event.BasicEventDispatcher.dispatchEvent(BasicEventDispatcher.java:56)
	at javafx.base@19-ea/com.sun.javafx.event.EventDispatchChainImpl.dispatchEvent(EventDispatchChainImpl.java:114)
	at javafx.base@19-ea/com.sun.javafx.event.BasicEventDispatcher.dispatchEvent(BasicEventDispatcher.java:56)
	at javafx.base@19-ea/com.sun.javafx.event.EventDispatchChainImpl.dispatchEvent(EventDispatchChainImpl.java:114)
	at javafx.base@19-ea/com.sun.javafx.event.EventUtil.fireEventImpl(EventUtil.java:74)
	at javafx.base@19-ea/com.sun.javafx.event.EventUtil.fireEvent(EventUtil.java:54)
	at javafx.base@19-ea/javafx.event.Event.fireEvent(Event.java:198)
	at javafx.graphics@19-ea/javafx.scene.Scene$MouseHandler.process(Scene.java:3881)
	at javafx.graphics@19-ea/javafx.scene.Scene.processMouseEvent(Scene.java:1874)
	at javafx.graphics@19-ea/javafx.scene.Scene$ScenePeerListener.mouseEvent(Scene.java:2607)
	at javafx.graphics@19-ea/com.sun.javafx.tk.quantum.GlassViewEventHandler$MouseEventNotification.run(GlassViewEventHandler.java:411)
	at javafx.graphics@19-ea/com.sun.javafx.tk.quantum.GlassViewEventHandler$MouseEventNotification.run(GlassViewEventHandler.java:301)
	at java.base/java.security.AccessController.doPrivileged(AccessController.java:399)
	at javafx.graphics@19-ea/com.sun.javafx.tk.quantum.GlassViewEventHandler.lambda$handleMouseEvent$2(GlassViewEventHandler.java:450)
	at javafx.graphics@19-ea/com.sun.javafx.tk.quantum.QuantumToolkit.runWithoutRenderLock(QuantumToolkit.java:424)
	at javafx.graphics@19-ea/com.sun.javafx.tk.quantum.GlassViewEventHandler.handleMouseEvent(GlassViewEventHandler.java:449)
	at javafx.graphics@19-ea/com.sun.glass.ui.View.handleMouseEvent(View.java:551)
	at javafx.graphics@19-ea/com.sun.glass.ui.View.notifyMouse(View.java:937)
	at javafx.graphics@19-ea/com.sun.glass.ui.win.WinApplication._runLoop(Native Method)
	at javafx.graphics@19-ea/com.sun.glass.ui.win.WinApplication.lambda$runLoop$3(WinApplication.java:184)
	at java.base/java.lang.Thread.run(Thread.java:1589)
2023-01-30 19:25:21,665 ERROR [JavaFX Application Thread] c.e.p.Run [BazaPodataka.java:132] Došlo je do pogreške u radu s bazom podataka
org.h2.jdbc.JdbcSQLIntegrityConstraintViolationException: Unique index or primary key violation: "PRIMARY KEY ON PUBLIC.PROIZVOD(ID) ( /* key:21 */ CAST(21 AS BIGINT), 'Hrana', 'Jetra i pol', 32.50, 'hrana za pse.jpg', 42)"; SQL statement:
INSERT INTO PROIZVOD(naziv, cijena, kolicina, opis,slika) VALUES (?, ?, ?, ?,?) [23505-214]
	at org.h2.message.DbException.getJdbcSQLException(DbException.java:508)
	at org.h2.engine.SessionRemote.readException(SessionRemote.java:637)
	at org.h2.engine.SessionRemote.done(SessionRemote.java:606)
	at org.h2.command.CommandRemote.executeUpdate(CommandRemote.java:227)
	at org.h2.jdbc.JdbcPreparedStatement.executeUpdateInternal(JdbcPreparedStatement.java:209)
	at org.h2.jdbc.JdbcPreparedStatement.executeUpdate(JdbcPreparedStatement.java:169)
	at com.example.petshopprojekt/BazaPodataka.BazaPodataka.spremiNoviProizvod(BazaPodataka.java:128)
	at com.example.petshopprojekt/com.example.petshopprojekt.ZaposlenikProizvodiController.unesiProizvod(ZaposlenikProizvodiController.java:82)
	at java.base/jdk.internal.reflect.DirectMethodHandleAccessor.invoke(DirectMethodHandleAccessor.java:104)
	at java.base/java.lang.reflect.Method.invoke(Method.java:578)
	at com.sun.javafx.reflect.Trampoline.invoke(MethodUtil.java:77)
	at java.base/jdk.internal.reflect.DirectMethodHandleAccessor.invoke(DirectMethodHandleAccessor.java:104)
	at java.base/java.lang.reflect.Method.invoke(Method.java:578)
	at javafx.base@19-ea/com.sun.javafx.reflect.MethodUtil.invoke(MethodUtil.java:275)
	at javafx.fxml@19-ea/com.sun.javafx.fxml.MethodHelper.invoke(MethodHelper.java:84)
	at javafx.fxml@19-ea/javafx.fxml.FXMLLoader$MethodHandler.invoke(FXMLLoader.java:1854)
	at javafx.fxml@19-ea/javafx.fxml.FXMLLoader$ControllerMethodEventHandler.handle(FXMLLoader.java:1724)
	at javafx.base@19-ea/com.sun.javafx.event.CompositeEventHandler.dispatchBubblingEvent(CompositeEventHandler.java:86)
	at javafx.base@19-ea/com.sun.javafx.event.EventHandlerManager.dispatchBubblingEvent(EventHandlerManager.java:234)
	at javafx.base@19-ea/com.sun.javafx.event.EventHandlerManager.dispatchBubblingEvent(EventHandlerManager.java:191)
	at javafx.base@19-ea/com.sun.javafx.event.CompositeEventDispatcher.dispatchBubblingEvent(CompositeEventDispatcher.java:59)
	at javafx.base@19-ea/com.sun.javafx.event.BasicEventDispatcher.dispatchEvent(BasicEventDispatcher.java:58)
	at javafx.base@19-ea/com.sun.javafx.event.EventDispatchChainImpl.dispatchEvent(EventDispatchChainImpl.java:114)
	at javafx.base@19-ea/com.sun.javafx.event.BasicEventDispatcher.dispatchEvent(BasicEventDispatcher.java:56)
	at javafx.base@19-ea/com.sun.javafx.event.EventDispatchChainImpl.dispatchEvent(EventDispatchChainImpl.java:114)
	at javafx.base@19-ea/com.sun.javafx.event.BasicEventDispatcher.dispatchEvent(BasicEventDispatcher.java:56)
	at javafx.base@19-ea/com.sun.javafx.event.EventDispatchChainImpl.dispatchEvent(EventDispatchChainImpl.java:114)
	at javafx.base@19-ea/com.sun.javafx.event.EventUtil.fireEventImpl(EventUtil.java:74)
	at javafx.base@19-ea/com.sun.javafx.event.EventUtil.fireEvent(EventUtil.java:49)
	at javafx.base@19-ea/javafx.event.Event.fireEvent(Event.java:198)
	at javafx.graphics@19-ea/javafx.scene.Node.fireEvent(Node.java:8797)
	at javafx.controls@19-ea/javafx.scene.control.Button.fire(Button.java:203)
	at javafx.controls@19-ea/com.sun.javafx.scene.control.behavior.ButtonBehavior.mouseReleased(ButtonBehavior.java:208)
	at javafx.controls@19-ea/com.sun.javafx.scene.control.inputmap.InputMap.handle(InputMap.java:274)
	at javafx.base@19-ea/com.sun.javafx.event.CompositeEventHandler$NormalEventHandlerRecord.handleBubblingEvent(CompositeEventHandler.java:247)
	at javafx.base@19-ea/com.sun.javafx.event.CompositeEventHandler.dispatchBubblingEvent(CompositeEventHandler.java:80)
	at javafx.base@19-ea/com.sun.javafx.event.EventHandlerManager.dispatchBubblingEvent(EventHandlerManager.java:234)
	at javafx.base@19-ea/com.sun.javafx.event.EventHandlerManager.dispatchBubblingEvent(EventHandlerManager.java:191)
	at javafx.base@19-ea/com.sun.javafx.event.CompositeEventDispatcher.dispatchBubblingEvent(CompositeEventDispatcher.java:59)
	at javafx.base@19-ea/com.sun.javafx.event.BasicEventDispatcher.dispatchEvent(BasicEventDispatcher.java:58)
	at javafx.base@19-ea/com.sun.javafx.event.EventDispatchChainImpl.dispatchEvent(EventDispatchChainImpl.java:114)
	at javafx.base@19-ea/com.sun.javafx.event.BasicEventDispatcher.dispatchEvent(BasicEventDispatcher.java:56)
	at javafx.base@19-ea/com.sun.javafx.event.EventDispatchChainImpl.dispatchEvent(EventDispatchChainImpl.java:114)
	at javafx.base@19-ea/com.sun.javafx.event.BasicEventDispatcher.dispatchEvent(BasicEventDispatcher.java:56)
	at javafx.base@19-ea/com.sun.javafx.event.EventDispatchChainImpl.dispatchEvent(EventDispatchChainImpl.java:114)
	at javafx.base@19-ea/com.sun.javafx.event.EventUtil.fireEventImpl(EventUtil.java:74)
	at javafx.base@19-ea/com.sun.javafx.event.EventUtil.fireEvent(EventUtil.java:54)
	at javafx.base@19-ea/javafx.event.Event.fireEvent(Event.java:198)
	at javafx.graphics@19-ea/javafx.scene.Scene$MouseHandler.process(Scene.java:3881)
	at javafx.graphics@19-ea/javafx.scene.Scene.processMouseEvent(Scene.java:1874)
	at javafx.graphics@19-ea/javafx.scene.Scene$ScenePeerListener.mouseEvent(Scene.java:2607)
	at javafx.graphics@19-ea/com.sun.javafx.tk.quantum.GlassViewEventHandler$MouseEventNotification.run(GlassViewEventHandler.java:411)
	at javafx.graphics@19-ea/com.sun.javafx.tk.quantum.GlassViewEventHandler$MouseEventNotification.run(GlassViewEventHandler.java:301)
	at java.base/java.security.AccessController.doPrivileged(AccessController.java:399)
	at javafx.graphics@19-ea/com.sun.javafx.tk.quantum.GlassViewEventHandler.lambda$handleMouseEvent$2(GlassViewEventHandler.java:450)
	at javafx.graphics@19-ea/com.sun.javafx.tk.quantum.QuantumToolkit.runWithoutRenderLock(QuantumToolkit.java:424)
	at javafx.graphics@19-ea/com.sun.javafx.tk.quantum.GlassViewEventHandler.handleMouseEvent(GlassViewEventHandler.java:449)
	at javafx.graphics@19-ea/com.sun.glass.ui.View.handleMouseEvent(View.java:551)
	at javafx.graphics@19-ea/com.sun.glass.ui.View.notifyMouse(View.java:937)
	at javafx.graphics@19-ea/com.sun.glass.ui.win.WinApplication._runLoop(Native Method)
	at javafx.graphics@19-ea/com.sun.glass.ui.win.WinApplication.lambda$runLoop$3(WinApplication.java:184)
	at java.base/java.lang.Thread.run(Thread.java:1589)
2023-01-30 20:56:50,926 ERROR [JavaFX Application Thread] c.e.p.Run [BazaPodataka.java:132] Došlo je do pogreške u radu s bazom podataka
java.nio.file.NoSuchFileException: src\main\resources\Slike\hrana za pse0.jpg
	at java.base/sun.nio.fs.WindowsException.translateToIOException(WindowsException.java:85)
	at java.base/sun.nio.fs.WindowsException.rethrowAsIOException(WindowsException.java:103)
	at java.base/sun.nio.fs.WindowsException.rethrowAsIOException(WindowsException.java:108)
	at java.base/sun.nio.fs.WindowsFileCopy.copy(WindowsFileCopy.java:99)
	at java.base/sun.nio.fs.WindowsFileSystemProvider.copy(WindowsFileSystemProvider.java:284)
	at java.base/java.nio.file.Files.copy(Files.java:1304)
	at com.example.petshopprojekt/BazaPodataka.BazaPodataka.spremiNoviProizvod(BazaPodataka.java:129)
	at com.example.petshopprojekt/com.example.petshopprojekt.ZaposlenikProizvodiController.unesiProizvod(ZaposlenikProizvodiController.java:111)
	at java.base/jdk.internal.reflect.DirectMethodHandleAccessor.invoke(DirectMethodHandleAccessor.java:104)
	at java.base/java.lang.reflect.Method.invoke(Method.java:578)
	at com.sun.javafx.reflect.Trampoline.invoke(MethodUtil.java:77)
	at java.base/jdk.internal.reflect.DirectMethodHandleAccessor.invoke(DirectMethodHandleAccessor.java:104)
	at java.base/java.lang.reflect.Method.invoke(Method.java:578)
	at javafx.base@19-ea/com.sun.javafx.reflect.MethodUtil.invoke(MethodUtil.java:275)
	at javafx.fxml@19-ea/com.sun.javafx.fxml.MethodHelper.invoke(MethodHelper.java:84)
	at javafx.fxml@19-ea/javafx.fxml.FXMLLoader$MethodHandler.invoke(FXMLLoader.java:1854)
	at javafx.fxml@19-ea/javafx.fxml.FXMLLoader$ControllerMethodEventHandler.handle(FXMLLoader.java:1724)
	at javafx.base@19-ea/com.sun.javafx.event.CompositeEventHandler.dispatchBubblingEvent(CompositeEventHandler.java:86)
	at javafx.base@19-ea/com.sun.javafx.event.EventHandlerManager.dispatchBubblingEvent(EventHandlerManager.java:234)
	at javafx.base@19-ea/com.sun.javafx.event.EventHandlerManager.dispatchBubblingEvent(EventHandlerManager.java:191)
	at javafx.base@19-ea/com.sun.javafx.event.CompositeEventDispatcher.dispatchBubblingEvent(CompositeEventDispatcher.java:59)
	at javafx.base@19-ea/com.sun.javafx.event.BasicEventDispatcher.dispatchEvent(BasicEventDispatcher.java:58)
	at javafx.base@19-ea/com.sun.javafx.event.EventDispatchChainImpl.dispatchEvent(EventDispatchChainImpl.java:114)
	at javafx.base@19-ea/com.sun.javafx.event.BasicEventDispatcher.dispatchEvent(BasicEventDispatcher.java:56)
	at javafx.base@19-ea/com.sun.javafx.event.EventDispatchChainImpl.dispatchEvent(EventDispatchChainImpl.java:114)
	at javafx.base@19-ea/com.sun.javafx.event.BasicEventDispatcher.dispatchEvent(BasicEventDispatcher.java:56)
	at javafx.base@19-ea/com.sun.javafx.event.EventDispatchChainImpl.dispatchEvent(EventDispatchChainImpl.java:114)
	at javafx.base@19-ea/com.sun.javafx.event.EventUtil.fireEventImpl(EventUtil.java:74)
	at javafx.base@19-ea/com.sun.javafx.event.EventUtil.fireEvent(EventUtil.java:49)
	at javafx.base@19-ea/javafx.event.Event.fireEvent(Event.java:198)
	at javafx.graphics@19-ea/javafx.scene.Node.fireEvent(Node.java:8797)
	at javafx.controls@19-ea/javafx.scene.control.Button.fire(Button.java:203)
	at javafx.controls@19-ea/com.sun.javafx.scene.control.behavior.ButtonBehavior.mouseReleased(ButtonBehavior.java:208)
	at javafx.controls@19-ea/com.sun.javafx.scene.control.inputmap.InputMap.handle(InputMap.java:274)
	at javafx.base@19-ea/com.sun.javafx.event.CompositeEventHandler$NormalEventHandlerRecord.handleBubblingEvent(CompositeEventHandler.java:247)
	at javafx.base@19-ea/com.sun.javafx.event.CompositeEventHandler.dispatchBubblingEvent(CompositeEventHandler.java:80)
	at javafx.base@19-ea/com.sun.javafx.event.EventHandlerManager.dispatchBubblingEvent(EventHandlerManager.java:234)
	at javafx.base@19-ea/com.sun.javafx.event.EventHandlerManager.dispatchBubblingEvent(EventHandlerManager.java:191)
	at javafx.base@19-ea/com.sun.javafx.event.CompositeEventDispatcher.dispatchBubblingEvent(CompositeEventDispatcher.java:59)
	at javafx.base@19-ea/com.sun.javafx.event.BasicEventDispatcher.dispatchEvent(BasicEventDispatcher.java:58)
	at javafx.base@19-ea/com.sun.javafx.event.EventDispatchChainImpl.dispatchEvent(EventDispatchChainImpl.java:114)
	at javafx.base@19-ea/com.sun.javafx.event.BasicEventDispatcher.dispatchEvent(BasicEventDispatcher.java:56)
	at javafx.base@19-ea/com.sun.javafx.event.EventDispatchChainImpl.dispatchEvent(EventDispatchChainImpl.java:114)
	at javafx.base@19-ea/com.sun.javafx.event.BasicEventDispatcher.dispatchEvent(BasicEventDispatcher.java:56)
	at javafx.base@19-ea/com.sun.javafx.event.EventDispatchChainImpl.dispatchEvent(EventDispatchChainImpl.java:114)
	at javafx.base@19-ea/com.sun.javafx.event.EventUtil.fireEventImpl(EventUtil.java:74)
	at javafx.base@19-ea/com.sun.javafx.event.EventUtil.fireEvent(EventUtil.java:54)
	at javafx.base@19-ea/javafx.event.Event.fireEvent(Event.java:198)
	at javafx.graphics@19-ea/javafx.scene.Scene$MouseHandler.process(Scene.java:3881)
	at javafx.graphics@19-ea/javafx.scene.Scene.processMouseEvent(Scene.java:1874)
	at javafx.graphics@19-ea/javafx.scene.Scene$ScenePeerListener.mouseEvent(Scene.java:2607)
	at javafx.graphics@19-ea/com.sun.javafx.tk.quantum.GlassViewEventHandler$MouseEventNotification.run(GlassViewEventHandler.java:411)
	at javafx.graphics@19-ea/com.sun.javafx.tk.quantum.GlassViewEventHandler$MouseEventNotification.run(GlassViewEventHandler.java:301)
	at java.base/java.security.AccessController.doPrivileged(AccessController.java:399)
	at javafx.graphics@19-ea/com.sun.javafx.tk.quantum.GlassViewEventHandler.lambda$handleMouseEvent$2(GlassViewEventHandler.java:450)
	at javafx.graphics@19-ea/com.sun.javafx.tk.quantum.QuantumToolkit.runWithoutRenderLock(QuantumToolkit.java:424)
	at javafx.graphics@19-ea/com.sun.javafx.tk.quantum.GlassViewEventHandler.handleMouseEvent(GlassViewEventHandler.java:449)
	at javafx.graphics@19-ea/com.sun.glass.ui.View.handleMouseEvent(View.java:551)
	at javafx.graphics@19-ea/com.sun.glass.ui.View.notifyMouse(View.java:937)
	at javafx.graphics@19-ea/com.sun.glass.ui.win.WinApplication._runLoop(Native Method)
	at javafx.graphics@19-ea/com.sun.glass.ui.win.WinApplication.lambda$runLoop$3(WinApplication.java:184)
	at java.base/java.lang.Thread.run(Thread.java:1589)
2023-02-01 20:30:07,551 ERROR [JavaFX Application Thread] c.e.p.Run [BazaPodataka.java:295] Došlo je do pogreške u radu s bazom podataka
org.h2.jdbc.JdbcSQLIntegrityConstraintViolationException: Unique index or primary key violation: "PRIMARY KEY ON PUBLIC.ZIVOTINJE(ID) ( /* key:6 */ CAST(6 AS BIGINT), 'Pas', 'Bulldog', 'Bulldog0.jpg', U&'Mu\\0161ko', 'email.com', 3)"; SQL statement:
INSERT INTO ZIVOTINJE(vrsta, pasmina, godine, spol,slika,kontakt) VALUES (?,?,?,?,?,?) [23505-214]
	at org.h2.message.DbException.getJdbcSQLException(DbException.java:508)
	at org.h2.engine.SessionRemote.readException(SessionRemote.java:637)
	at org.h2.engine.SessionRemote.done(SessionRemote.java:606)
	at org.h2.command.CommandRemote.executeUpdate(CommandRemote.java:227)
	at org.h2.jdbc.JdbcPreparedStatement.executeUpdateInternal(JdbcPreparedStatement.java:209)
	at org.h2.jdbc.JdbcPreparedStatement.executeUpdate(JdbcPreparedStatement.java:169)
	at com.example.petshopprojekt/BazaPodataka.BazaPodataka.spremiNovuZivotinju(BazaPodataka.java:291)
	at com.example.petshopprojekt/com.example.petshopprojekt.ZaposlenikZivotinjeController.unesiProizvod(ZaposlenikZivotinjeController.java:120)
	at java.base/jdk.internal.reflect.DirectMethodHandleAccessor.invoke(DirectMethodHandleAccessor.java:104)
	at java.base/java.lang.reflect.Method.invoke(Method.java:578)
	at com.sun.javafx.reflect.Trampoline.invoke(MethodUtil.java:77)
	at java.base/jdk.internal.reflect.DirectMethodHandleAccessor.invoke(DirectMethodHandleAccessor.java:104)
	at java.base/java.lang.reflect.Method.invoke(Method.java:578)
	at javafx.base@19-ea/com.sun.javafx.reflect.MethodUtil.invoke(MethodUtil.java:275)
	at javafx.fxml@19-ea/com.sun.javafx.fxml.MethodHelper.invoke(MethodHelper.java:84)
	at javafx.fxml@19-ea/javafx.fxml.FXMLLoader$MethodHandler.invoke(FXMLLoader.java:1854)
	at javafx.fxml@19-ea/javafx.fxml.FXMLLoader$ControllerMethodEventHandler.handle(FXMLLoader.java:1724)
	at javafx.base@19-ea/com.sun.javafx.event.CompositeEventHandler.dispatchBubblingEvent(CompositeEventHandler.java:86)
	at javafx.base@19-ea/com.sun.javafx.event.EventHandlerManager.dispatchBubblingEvent(EventHandlerManager.java:234)
	at javafx.base@19-ea/com.sun.javafx.event.EventHandlerManager.dispatchBubblingEvent(EventHandlerManager.java:191)
	at javafx.base@19-ea/com.sun.javafx.event.CompositeEventDispatcher.dispatchBubblingEvent(CompositeEventDispatcher.java:59)
	at javafx.base@19-ea/com.sun.javafx.event.BasicEventDispatcher.dispatchEvent(BasicEventDispatcher.java:58)
	at javafx.base@19-ea/com.sun.javafx.event.EventDispatchChainImpl.dispatchEvent(EventDispatchChainImpl.java:114)
	at javafx.base@19-ea/com.sun.javafx.event.BasicEventDispatcher.dispatchEvent(BasicEventDispatcher.java:56)
	at javafx.base@19-ea/com.sun.javafx.event.EventDispatchChainImpl.dispatchEvent(EventDispatchChainImpl.java:114)
	at javafx.base@19-ea/com.sun.javafx.event.BasicEventDispatcher.dispatchEvent(BasicEventDispatcher.java:56)
	at javafx.base@19-ea/com.sun.javafx.event.EventDispatchChainImpl.dispatchEvent(EventDispatchChainImpl.java:114)
	at javafx.base@19-ea/com.sun.javafx.event.EventUtil.fireEventImpl(EventUtil.java:74)
	at javafx.base@19-ea/com.sun.javafx.event.EventUtil.fireEvent(EventUtil.java:49)
	at javafx.base@19-ea/javafx.event.Event.fireEvent(Event.java:198)
	at javafx.graphics@19-ea/javafx.scene.Node.fireEvent(Node.java:8797)
	at javafx.controls@19-ea/javafx.scene.control.Button.fire(Button.java:203)
	at javafx.controls@19-ea/com.sun.javafx.scene.control.behavior.ButtonBehavior.mouseReleased(ButtonBehavior.java:208)
	at javafx.controls@19-ea/com.sun.javafx.scene.control.inputmap.InputMap.handle(InputMap.java:274)
	at javafx.base@19-ea/com.sun.javafx.event.CompositeEventHandler$NormalEventHandlerRecord.handleBubblingEvent(CompositeEventHandler.java:247)
	at javafx.base@19-ea/com.sun.javafx.event.CompositeEventHandler.dispatchBubblingEvent(CompositeEventHandler.java:80)
	at javafx.base@19-ea/com.sun.javafx.event.EventHandlerManager.dispatchBubblingEvent(EventHandlerManager.java:234)
	at javafx.base@19-ea/com.sun.javafx.event.EventHandlerManager.dispatchBubblingEvent(EventHandlerManager.java:191)
	at javafx.base@19-ea/com.sun.javafx.event.CompositeEventDispatcher.dispatchBubblingEvent(CompositeEventDispatcher.java:59)
	at javafx.base@19-ea/com.sun.javafx.event.BasicEventDispatcher.dispatchEvent(BasicEventDispatcher.java:58)
	at javafx.base@19-ea/com.sun.javafx.event.EventDispatchChainImpl.dispatchEvent(EventDispatchChainImpl.java:114)
	at javafx.base@19-ea/com.sun.javafx.event.BasicEventDispatcher.dispatchEvent(BasicEventDispatcher.java:56)
	at javafx.base@19-ea/com.sun.javafx.event.EventDispatchChainImpl.dispatchEvent(EventDispatchChainImpl.java:114)
	at javafx.base@19-ea/com.sun.javafx.event.BasicEventDispatcher.dispatchEvent(BasicEventDispatcher.java:56)
	at javafx.base@19-ea/com.sun.javafx.event.EventDispatchChainImpl.dispatchEvent(EventDispatchChainImpl.java:114)
	at javafx.base@19-ea/com.sun.javafx.event.EventUtil.fireEventImpl(EventUtil.java:74)
	at javafx.base@19-ea/com.sun.javafx.event.EventUtil.fireEvent(EventUtil.java:54)
	at javafx.base@19-ea/javafx.event.Event.fireEvent(Event.java:198)
	at javafx.graphics@19-ea/javafx.scene.Scene$MouseHandler.process(Scene.java:3881)
	at javafx.graphics@19-ea/javafx.scene.Scene.processMouseEvent(Scene.java:1874)
	at javafx.graphics@19-ea/javafx.scene.Scene$ScenePeerListener.mouseEvent(Scene.java:2607)
	at javafx.graphics@19-ea/com.sun.javafx.tk.quantum.GlassViewEventHandler$MouseEventNotification.run(GlassViewEventHandler.java:411)
	at javafx.graphics@19-ea/com.sun.javafx.tk.quantum.GlassViewEventHandler$MouseEventNotification.run(GlassViewEventHandler.java:301)
	at java.base/java.security.AccessController.doPrivileged(AccessController.java:399)
	at javafx.graphics@19-ea/com.sun.javafx.tk.quantum.GlassViewEventHandler.lambda$handleMouseEvent$2(GlassViewEventHandler.java:450)
	at javafx.graphics@19-ea/com.sun.javafx.tk.quantum.QuantumToolkit.runWithoutRenderLock(QuantumToolkit.java:424)
	at javafx.graphics@19-ea/com.sun.javafx.tk.quantum.GlassViewEventHandler.handleMouseEvent(GlassViewEventHandler.java:449)
	at javafx.graphics@19-ea/com.sun.glass.ui.View.handleMouseEvent(View.java:551)
	at javafx.graphics@19-ea/com.sun.glass.ui.View.notifyMouse(View.java:937)
	at javafx.graphics@19-ea/com.sun.glass.ui.win.WinApplication._runLoop(Native Method)
	at javafx.graphics@19-ea/com.sun.glass.ui.win.WinApplication.lambda$runLoop$3(WinApplication.java:184)
	at java.base/java.lang.Thread.run(Thread.java:1589)
2023-02-03 12:40:54,975 INFO [Thread-3] c.e.p.Run [Serijalizacija.java:38] Entiteti.Promjena; local class incompatible: stream classdesc serialVersionUID = 8900653029654276427, local class serialVersionUID = 3729838844171567325
2023-02-03 12:40:54,979 INFO [Thread-3] c.e.p.Run [KupljeniProizvodi.java:31] Pogreška pri serijalizaciji.
2023-02-03 12:41:17,094 INFO [JavaFX Application Thread] c.e.p.Run [LoginController.java:92] Došlo je do pogreške u radu s bazom podataka
2023-02-03 12:41:49,369 INFO [Thread-3] c.e.p.Run [Serijalizacija.java:38] Entiteti.Promjena; local class incompatible: stream classdesc serialVersionUID = 8900653029654276427, local class serialVersionUID = 3729838844171567325
2023-02-03 12:41:49,374 INFO [Thread-3] c.e.p.Run [KupljeniProizvodi.java:31] Pogreška pri serijalizaciji.
2023-02-03 12:42:00,776 INFO [JavaFX Application Thread] c.e.p.Run [Serijalizacija.java:38] Entiteti.Promjena; local class incompatible: stream classdesc serialVersionUID = 8900653029654276427, local class serialVersionUID = 3729838844171567325
2023-02-03 12:42:00,777 INFO [JavaFX Application Thread] c.e.p.Run [PromjeneController.java:205] Pogreška pri serijalizaciji.
2023-02-03 12:42:00,777 INFO [JavaFX Application Thread] c.e.p.Run [ZaposlenikNavigacijaController.java:43] 
/G:/IntellijProjekti/Petshop-Projekt/target/classes/com/example/petshopprojekt/Promjene.fxml

2023-02-03 12:42:02,344 INFO [JavaFX Application Thread] c.e.p.Run [Serijalizacija.java:38] Entiteti.Promjena; local class incompatible: stream classdesc serialVersionUID = 8900653029654276427, local class serialVersionUID = 3729838844171567325
2023-02-03 12:42:02,344 INFO [JavaFX Application Thread] c.e.p.Run [PromjeneController.java:205] Pogreška pri serijalizaciji.
2023-02-03 12:42:02,344 INFO [JavaFX Application Thread] c.e.p.Run [ZaposlenikNavigacijaController.java:43] 
/G:/IntellijProjekti/Petshop-Projekt/target/classes/com/example/petshopprojekt/Promjene.fxml

2023-02-03 12:42:49,844 INFO [JavaFX Application Thread] c.e.p.Run [Serijalizacija.java:38] Entiteti.Promjena; local class incompatible: stream classdesc serialVersionUID = 8900653029654276427, local class serialVersionUID = 3729838844171567325
2023-02-03 12:42:49,844 INFO [JavaFX Application Thread] c.e.p.Run [PromjeneController.java:205] Pogreška pri serijalizaciji.
2023-02-03 12:42:49,844 INFO [JavaFX Application Thread] c.e.p.Run [ZaposlenikNavigacijaController.java:43] 
/G:/IntellijProjekti/Petshop-Projekt/target/classes/com/example/petshopprojekt/Promjene.fxml

2023-02-03 12:42:55,133 INFO [JavaFX Application Thread] c.e.p.Run [Serijalizacija.java:38] Entiteti.Promjena; local class incompatible: stream classdesc serialVersionUID = 8900653029654276427, local class serialVersionUID = 3729838844171567325
2023-02-03 12:42:55,134 INFO [JavaFX Application Thread] c.e.p.Run [PromjeneController.java:205] Pogreška pri serijalizaciji.
2023-02-03 12:42:55,134 INFO [JavaFX Application Thread] c.e.p.Run [ZaposlenikNavigacijaController.java:43] 
/G:/IntellijProjekti/Petshop-Projekt/target/classes/com/example/petshopprojekt/Promjene.fxml

2023-02-03 12:44:44,336 INFO [Thread-3] c.e.p.Run [Serijalizacija.java:38] Entiteti.Promjena; local class incompatible: stream classdesc serialVersionUID = 8900653029654276427, local class serialVersionUID = 3729838844171567325
2023-02-03 12:44:44,340 INFO [Thread-3] c.e.p.Run [KupljeniProizvodi.java:31] Pogreška pri serijalizaciji.
2023-02-03 12:44:52,447 INFO [JavaFX Application Thread] c.e.p.Run [Serijalizacija.java:38] Entiteti.Promjena; local class incompatible: stream classdesc serialVersionUID = 8900653029654276427, local class serialVersionUID = 3729838844171567325
2023-02-03 12:44:52,447 INFO [JavaFX Application Thread] c.e.p.Run [PromjeneController.java:205] Pogreška pri serijalizaciji.
2023-02-03 12:44:52,448 INFO [JavaFX Application Thread] c.e.p.Run [ZaposlenikNavigacijaController.java:43] 
/G:/IntellijProjekti/Petshop-Projekt/target/classes/com/example/petshopprojekt/Promjene.fxml

2023-02-03 12:45:24,771 INFO [Thread-3] c.e.p.Run [Serijalizacija.java:38] Entiteti.Promjena; local class incompatible: stream classdesc serialVersionUID = 8900653029654276427, local class serialVersionUID = 3729838844171567325
2023-02-03 12:45:24,775 INFO [Thread-3] c.e.p.Run [KupljeniProizvodi.java:31] Pogreška pri serijalizaciji.
2023-02-03 12:45:44,423 INFO [JavaFX Application Thread] c.e.p.Run [Serijalizacija.java:38] Entiteti.Promjena; local class incompatible: stream classdesc serialVersionUID = 8900653029654276427, local class serialVersionUID = 3729838844171567325
2023-02-03 12:45:44,424 INFO [JavaFX Application Thread] c.e.p.Run [ZaposlenikZivotinjeController.java:254] Pogreška pri serijalizaciji.
2023-02-03 12:46:52,931 INFO [Thread-3] c.e.p.Run [Serijalizacija.java:38] Entiteti.Promjena; local class incompatible: stream classdesc serialVersionUID = 8900653029654276427, local class serialVersionUID = 3729838844171567325
2023-02-03 12:47:07,785 INFO [JavaFX Application Thread] c.e.p.Run [Serijalizacija.java:38] Entiteti.Promjena; local class incompatible: stream classdesc serialVersionUID = 8900653029654276427, local class serialVersionUID = 3729838844171567325
2023-02-03 12:47:07,787 INFO [JavaFX Application Thread] c.e.p.Run [ZaposlenikNavigacijaController.java:43] 
/G:/IntellijProjekti/Petshop-Projekt/target/classes/com/example/petshopprojekt/Promjene.fxml

2023-02-03 12:49:48,872 INFO [Thread-3] c.e.p.Run [Serijalizacija.java:38] Entiteti.Promjena; local class incompatible: stream classdesc serialVersionUID = 8900653029654276427, local class serialVersionUID = 3729838844171567325
2023-02-03 12:49:56,445 INFO [JavaFX Application Thread] c.e.p.Run [Serijalizacija.java:38] Entiteti.Promjena; local class incompatible: stream classdesc serialVersionUID = 8900653029654276427, local class serialVersionUID = 3729838844171567325
2023-02-03 12:49:56,446 INFO [JavaFX Application Thread] c.e.p.Run [ZaposlenikNavigacijaController.java:43] 
/G:/IntellijProjekti/Petshop-Projekt/target/classes/com/example/petshopprojekt/Promjene.fxml

2023-02-03 12:50:36,857 INFO [Thread-3] c.e.p.Run [Serijalizacija.java:38] Entiteti.Promjena; local class incompatible: stream classdesc serialVersionUID = 8900653029654276427, local class serialVersionUID = 3729838844171567325
2023-02-03 12:50:44,033 INFO [JavaFX Application Thread] c.e.p.Run [Serijalizacija.java:38] Entiteti.Promjena; local class incompatible: stream classdesc serialVersionUID = 8900653029654276427, local class serialVersionUID = 3729838844171567325
2023-02-03 12:50:44,035 INFO [JavaFX Application Thread] c.e.p.Run [ZaposlenikNavigacijaController.java:43] 
/G:/IntellijProjekti/Petshop-Projekt/target/classes/com/example/petshopprojekt/Promjene.fxml

2023-02-03 12:51:36,397 INFO [Thread-3] c.e.p.Run [Serijalizacija.java:37] Entiteti.Promjena; local class incompatible: stream classdesc serialVersionUID = 8900653029654276427, local class serialVersionUID = 3729838844171567325
2023-02-03 12:51:43,957 INFO [JavaFX Application Thread] c.e.p.Run [Serijalizacija.java:37] Entiteti.Promjena; local class incompatible: stream classdesc serialVersionUID = 8900653029654276427, local class serialVersionUID = 3729838844171567325
2023-02-03 12:51:43,958 INFO [JavaFX Application Thread] c.e.p.Run [ZaposlenikNavigacijaController.java:43] 
/G:/IntellijProjekti/Petshop-Projekt/target/classes/com/example/petshopprojekt/Promjene.fxml

2023-02-03 12:53:33,023 INFO [JavaFX Application Thread] c.e.p.Run [Serijalizacija.java:37] Entiteti.Promjena; local class incompatible: stream classdesc serialVersionUID = 8900653029654276427, local class serialVersionUID = 3729838844171567325
2023-02-03 12:56:30,801 INFO [JavaFX Application Thread] c.e.p.Run [Serijalizacija.java:37] Datoteke\Test.dat (The system cannot find the file specified)
2023-02-03 12:56:32,116 INFO [Thread-3] c.e.p.Run [Serijalizacija.java:37] Entiteti.Promjena; local class incompatible: stream classdesc serialVersionUID = 8900653029654276427, local class serialVersionUID = 3729838844171567325
2023-02-03 12:59:56,953 INFO [Thread-3] c.e.p.Run [Serijalizacija.java:37] Entiteti.Promjena; local class incompatible: stream classdesc serialVersionUID = 8900653029654276427, local class serialVersionUID = 3729838844171567325
2023-02-03 13:01:56,585 INFO [Thread-3] c.e.p.Run [Serijalizacija.java:37] Entiteti.Promjena; local class incompatible: stream classdesc serialVersionUID = 8900653029654276427, local class serialVersionUID = 3729838844171567325
2023-02-03 13:03:36,422 INFO [JavaFX Application Thread] c.e.p.Run [Serijalizacija.java:37] Entiteti.Promjena; local class incompatible: stream classdesc serialVersionUID = 8900653029654276427, local class serialVersionUID = 3729838844171567325
2023-02-03 13:04:11,180 INFO [Thread-3] c.e.p.Run [Serijalizacija.java:37] Datoteke\kupljeniProizvodi.dat (The system cannot find the file specified)
2023-02-03 13:04:24,559 INFO [JavaFX Application Thread] c.e.p.Run [Serijalizacija.java:37] Datoteke\proizvodiPromjene.dat (The system cannot find the file specified)
2023-02-03 13:04:37,057 INFO [JavaFX Application Thread] c.e.p.Run [Serijalizacija.java:37] Datoteke\zivotinjePromjene.dat (The system cannot find the file specified)
2023-02-03 13:04:46,263 INFO [JavaFX Application Thread] c.e.p.Run [Serijalizacija.java:37] Datoteke\korisniciPromjene.dat (The system cannot find the file specified)
2023-02-03 13:04:57,066 INFO [JavaFX Application Thread] c.e.p.Run [Serijalizacija.java:37] Datoteke\zaposleniciPromjene.dat (The system cannot find the file specified)
2023-02-03 13:04:59,891 INFO [JavaFX Application Thread] c.e.p.Run [Serijalizacija.java:37] Datoteke\prodaniProizvodi.dat (The system cannot find the file specified)
2023-02-03 13:04:59,892 INFO [JavaFX Application Thread] c.e.p.Run [ZaposlenikNavigacijaController.java:43] 
/G:/IntellijProjekti/Petshop-Projekt/target/classes/com/example/petshopprojekt/Promjene.fxml

2023-02-03 13:05:20,957 INFO [Thread-4] c.e.p.Run [Serijalizacija.java:37] Datoteke\kupljeniProizvodi.dat (The system cannot find the file specified)
2023-02-03 13:05:20,991 INFO [JavaFX Application Thread] c.e.p.Run [Serijalizacija.java:37] Datoteke\prodaniProizvodi.dat (The system cannot find the file specified)
